2024/04/28 09:32:24 Connected to server
2024/04/28 09:32:24 Sent hello message to server
2024/04/28 09:32:24 Received message from server: {"code":200,"msg":"hello success"}
2024/04/28 09:32:24 success establish connection with server
2024/04/28 09:32:25 Received ping message from server: {"id":0,"type":"ping","data":null}
2024/04/28 09:32:26 Received ping message from server: {"id":0,"type":"ping","data":null}
2024/04/28 09:32:27 Received ping message from server: {"id":0,"type":"ping","data":null}
2024/04/28 09:32:28 Received ping message from server: {"id":0,"type":"ping","data":null}
2024/04/28 09:32:29 Received ping message from server: {"id":0,"type":"ping","data":null}
2024/04/28 09:32:30 Received ping message from server: {"id":0,"type":"ping","data":null}
2024/04/28 09:32:31 Received ping message from server: {"id":0,"type":"ping","data":null}
2024/04/28 09:32:32 Received ping message from server: {"id":0,"type":"ping","data":null}
2024/04/28 09:32:33 Received ping message from server: {"id":0,"type":"ping","data":null}
2024/04/28 09:32:34 Received ping message from server: {"id":0,"type":"ping","data":null}
2024/04/28 09:32:35 Received ping message from server: {"id":0,"type":"ping","data":null}
2024/04/28 09:32:36 Received ping message from server: {"id":0,"type":"ping","data":null}
2024/04/28 09:32:37 Received ping message from server: {"id":0,"type":"ping","data":null}
2024/04/28 09:32:38 Received ping message from server: {"id":0,"type":"ping","data":null}
2024/04/28 09:32:39 Received ping message from server: {"id":0,"type":"ping","data":null}
2024/04/28 09:32:40 Received ping message from server: {"id":0,"type":"ping","data":null}
2024/04/28 09:32:41 Received ping message from server: {"id":0,"type":"ping","data":null}
2024/04/28 09:32:42 Received ping message from server: {"id":0,"type":"ping","data":null}
2024/04/28 09:32:43 Received ping message from server: {"id":0,"type":"ping","data":null}
2024/04/28 09:32:44 Received ping message from server: {"id":0,"type":"ping","data":null}
2024/04/28 09:32:45 Received ping message from server: {"id":0,"type":"ping","data":null}
2024/04/28 09:32:46 Received ping message from server: {"id":0,"type":"ping","data":null}
2024/04/28 09:32:47 Received ping message from server: {"id":0,"type":"ping","data":null}
2024/04/28 09:32:48 Received ping message from server: {"id":0,"type":"ping","data":null}
2024/04/28 09:32:49 Received ping message from server: {"id":0,"type":"ping","data":null}
2024/04/28 09:32:50 Received ping message from server: {"id":0,"type":"ping","data":null}
2024/04/28 09:32:51 Received ping message from server: {"id":0,"type":"ping","data":null}
2024/04/28 09:32:52 Received ping message from server: {"id":0,"type":"ping","data":null}
2024/04/28 09:32:53 Received ping message from server: {"id":0,"type":"ping","data":null}
2024/04/28 09:32:54 Received ping message from server: {"id":0,"type":"ping","data":null}
2024/04/28 09:32:55 Received ping message from server: {"id":0,"type":"ping","data":null}
2024/04/28 09:32:56 Received ping message from server: {"id":0,"type":"ping","data":null}
2024/04/28 09:32:57 Received ping message from server: {"id":0,"type":"ping","data":null}
2024/04/28 09:32:58 Received ping message from server: {"id":0,"type":"ping","data":null}
2024/04/28 09:32:59 Received new connection request from server
2024/04/28 09:32:59 Connected to server
2024/04/28 09:32:59 success new sub connection to server 0
2024/04/28 09:32:59 Received ping message from server: {"id":0,"type":"ping","data":null}
2024/04/28 09:33:00 Received ping message from server: {"id":0,"type":"ping","data":null}
2024/04/28 09:33:01 Received ping message from server: {"id":0,"type":"ping","data":null}
2024/04/28 09:33:02 Received ping message from server: {"id":0,"type":"ping","data":null}
2024/04/28 09:33:03 Received ping message from server: {"id":0,"type":"ping","data":null}
2024/04/28 09:33:04 Received ping message from server: {"id":0,"type":"ping","data":null}
2024/04/28 09:33:05 Received ping message from server: {"id":0,"type":"ping","data":null}
2024/04/28 09:33:06 Received ping message from server: {"id":0,"type":"ping","data":null}
2024/04/28 09:33:07 Received ping message from server: {"id":0,"type":"ping","data":null}
2024/04/28 09:33:08 Received ping message from server: {"id":0,"type":"ping","data":null}
2024/04/28 09:33:09 Received ping message from server: {"id":0,"type":"ping","data":null}
2024/04/28 09:33:10 Received ping message from server: {"id":0,"type":"ping","data":null}
2024/04/28 09:33:25 Connected to server
2024/04/28 09:33:25 Sent hello message to server
2024/04/28 09:33:25 Received message from server: {"code":200,"msg":"hello success"}
2024/04/28 09:33:25 success establish connection with server
2024/04/28 09:33:25 Received ping message from server: {"id":0,"type":"ping","data":null}
2024/04/28 09:33:26 Received ping message from server: {"id":0,"type":"ping","data":null}
2024/04/28 09:33:27 Received ping message from server: {"id":0,"type":"ping","data":null}
2024/04/28 09:33:28 Received ping message from server: {"id":0,"type":"ping","data":null}
2024/04/28 09:33:29 Received ping message from server: {"id":0,"type":"ping","data":null}
2024/04/28 09:33:30 Received ping message from server: {"id":0,"type":"ping","data":null}
2024/04/28 09:33:31 Received ping message from server: {"id":0,"type":"ping","data":null}
2024/04/28 09:33:32 Received ping message from server: {"id":0,"type":"ping","data":null}
2024/04/28 09:33:33 Received ping message from server: {"id":0,"type":"ping","data":null}
2024/04/28 09:33:34 Received ping message from server: {"id":0,"type":"ping","data":null}
2024/04/28 09:33:35 Received ping message from server: {"id":0,"type":"ping","data":null}
2024/04/28 09:33:36 Received ping message from server: {"id":0,"type":"ping","data":null}
2024/04/28 09:33:37 Received ping message from server: {"id":0,"type":"ping","data":null}
2024/04/28 09:33:38 Received ping message from server: {"id":0,"type":"ping","data":null}
2024/04/28 09:33:39 Received ping message from server: {"id":0,"type":"ping","data":null}
2024/04/28 09:33:40 Received ping message from server: {"id":0,"type":"ping","data":null}
2024/04/28 09:33:41 Received ping message from server: {"id":0,"type":"ping","data":null}
2024/04/28 09:33:42 Received ping message from server: {"id":0,"type":"ping","data":null}
2024/04/28 09:33:43 Received ping message from server: {"id":0,"type":"ping","data":null}
2024/04/28 09:33:44 Received ping message from server: {"id":0,"type":"ping","data":null}
2024/04/28 09:33:45 Received ping message from server: {"id":0,"type":"ping","data":null}
2024/04/28 09:33:46 Received ping message from server: {"id":0,"type":"ping","data":null}
2024/04/28 09:33:47 Received ping message from server: {"id":0,"type":"ping","data":null}
2024/04/28 09:33:48 Received ping message from server: {"id":0,"type":"ping","data":null}
2024/04/28 09:33:49 Received ping message from server: {"id":0,"type":"ping","data":null}
2024/04/28 09:33:50 Received ping message from server: {"id":0,"type":"ping","data":null}
2024/04/28 09:33:51 Received ping message from server: {"id":0,"type":"ping","data":null}
2024/04/28 09:33:52 Received ping message from server: {"id":0,"type":"ping","data":null}
2024/04/28 09:33:53 Received ping message from server: {"id":0,"type":"ping","data":null}
2024/04/28 09:33:54 Received ping message from server: {"id":0,"type":"ping","data":null}
2024/04/28 09:33:55 Received ping message from server: {"id":0,"type":"ping","data":null}
2024/04/28 09:33:56 Received ping message from server: {"id":0,"type":"ping","data":null}
2024/04/28 09:33:57 Received ping message from server: {"id":0,"type":"ping","data":null}
2024/04/28 09:33:58 Received ping message from server: {"id":0,"type":"ping","data":null}
2024/04/28 09:33:59 Received ping message from server: {"id":0,"type":"ping","data":null}
2024/04/28 09:34:00 Received ping message from server: {"id":0,"type":"ping","data":null}
2024/04/28 09:34:01 Received ping message from server: {"id":0,"type":"ping","data":null}
2024/04/28 09:34:02 Received ping message from server: {"id":0,"type":"ping","data":null}
2024/04/28 09:34:03 Received ping message from server: {"id":0,"type":"ping","data":null}
2024/04/28 09:34:04 Received ping message from server: {"id":0,"type":"ping","data":null}
2024/04/28 09:34:05 Received ping message from server: {"id":0,"type":"ping","data":null}
2024/04/28 09:34:06 Received ping message from server: {"id":0,"type":"ping","data":null}
2024/04/28 09:34:07 Received ping message from server: {"id":0,"type":"ping","data":null}
2024/04/28 09:34:08 Received ping message from server: {"id":0,"type":"ping","data":null}
2024/04/28 09:34:09 Received ping message from server: {"id":0,"type":"ping","data":null}
2024/04/28 09:34:10 Received ping message from server: {"id":0,"type":"ping","data":null}
2024/04/28 09:34:11 Received ping message from server: {"id":0,"type":"ping","data":null}
2024/04/28 09:34:12 Received ping message from server: {"id":0,"type":"ping","data":null}
2024/04/28 09:34:13 Received ping message from server: {"id":0,"type":"ping","data":null}
2024/04/28 09:34:14 Received ping message from server: {"id":0,"type":"ping","data":null}
2024/04/28 09:34:15 Received ping message from server: {"id":0,"type":"ping","data":null}
2024/04/28 09:34:16 Received ping message from server: {"id":0,"type":"ping","data":null}
2024/04/28 09:34:17 Received ping message from server: {"id":0,"type":"ping","data":null}
2024/04/28 09:34:18 Received ping message from server: {"id":0,"type":"ping","data":null}
2024/04/28 09:34:19 Received ping message from server: {"id":0,"type":"ping","data":null}
2024/04/28 09:34:20 Received ping message from server: {"id":0,"type":"ping","data":null}
2024/04/28 09:34:21 Received ping message from server: {"id":0,"type":"ping","data":null}
2024/04/28 09:34:22 Received ping message from server: {"id":0,"type":"ping","data":null}
2024/04/28 09:34:23 Received ping message from server: {"id":0,"type":"ping","data":null}
2024/04/28 09:34:24 Received ping message from server: {"id":0,"type":"ping","data":null}
2024/04/28 09:34:25 Received ping message from server: {"id":0,"type":"ping","data":null}
2024/04/28 09:34:26 Received ping message from server: {"id":0,"type":"ping","data":null}
2024/04/28 09:34:27 Received ping message from server: {"id":0,"type":"ping","data":null}
2024/04/28 09:34:28 Received ping message from server: {"id":0,"type":"ping","data":null}
2024/04/28 09:34:29 Received ping message from server: {"id":0,"type":"ping","data":null}
2024/04/28 09:34:30 Received ping message from server: {"id":0,"type":"ping","data":null}
2024/04/28 09:34:31 Received ping message from server: {"id":0,"type":"ping","data":null}
2024/04/28 09:34:32 Received ping message from server: {"id":0,"type":"ping","data":null}
2024/04/28 09:34:33 Received ping message from server: {"id":0,"type":"ping","data":null}
2024/04/28 09:34:34 Received ping message from server: {"id":0,"type":"ping","data":null}
2024/04/28 09:34:35 Received ping message from server: {"id":0,"type":"ping","data":null}
2024/04/28 09:34:36 Received ping message from server: {"id":0,"type":"ping","data":null}
2024/04/28 09:34:37 Received ping message from server: {"id":0,"type":"ping","data":null}
2024/04/28 09:34:38 Received ping message from server: {"id":0,"type":"ping","data":null}
2024/04/28 09:34:39 Received ping message from server: {"id":0,"type":"ping","data":null}
2024/04/28 09:34:40 Received ping message from server: {"id":0,"type":"ping","data":null}
2024/04/28 09:34:41 Received ping message from server: {"id":0,"type":"ping","data":null}
2024/04/28 09:34:42 Received ping message from server: {"id":0,"type":"ping","data":null}
2024/04/28 09:34:43 Received ping message from server: {"id":0,"type":"ping","data":null}
2024/04/28 09:34:44 Received ping message from server: {"id":0,"type":"ping","data":null}
2024/04/28 09:34:45 Received ping message from server: {"id":0,"type":"ping","data":null}
2024/04/28 09:34:46 Received ping message from server: {"id":0,"type":"ping","data":null}
2024/04/28 09:34:47 Received ping message from server: {"id":0,"type":"ping","data":null}
2024/04/28 09:34:48 Received ping message from server: {"id":0,"type":"ping","data":null}
2024/04/28 09:34:49 Received ping message from server: {"id":0,"type":"ping","data":null}
2024/04/28 09:34:50 Received ping message from server: {"id":0,"type":"ping","data":null}
2024/04/28 09:34:51 Received ping message from server: {"id":0,"type":"ping","data":null}
2024/04/28 09:34:52 Received ping message from server: {"id":0,"type":"ping","data":null}
2024/04/28 09:34:53 Received ping message from server: {"id":0,"type":"ping","data":null}
2024/04/28 09:34:54 Received ping message from server: {"id":0,"type":"ping","data":null}
2024/04/28 09:34:55 Received ping message from server: {"id":0,"type":"ping","data":null}
2024/04/28 09:34:56 Received ping message from server: {"id":0,"type":"ping","data":null}
2024/04/28 09:34:57 Received ping message from server: {"id":0,"type":"ping","data":null}
2024/04/28 09:34:58 Received ping message from server: {"id":0,"type":"ping","data":null}
2024/04/28 09:34:59 Received ping message from server: {"id":0,"type":"ping","data":null}
2024/04/28 09:35:00 Received ping message from server: {"id":0,"type":"ping","data":null}
2024/04/28 09:35:01 Received ping message from server: {"id":0,"type":"ping","data":null}
2024/04/28 09:35:02 Received ping message from server: {"id":0,"type":"ping","data":null}
2024/04/28 09:35:03 Received ping message from server: {"id":0,"type":"ping","data":null}
2024/04/28 09:35:04 Received ping message from server: {"id":0,"type":"ping","data":null}
2024/04/28 09:35:05 Received ping message from server: {"id":0,"type":"ping","data":null}
2024/04/28 09:35:06 Received ping message from server: {"id":0,"type":"ping","data":null}
2024/04/28 09:35:07 Received ping message from server: {"id":0,"type":"ping","data":null}
2024/04/28 09:35:08 Received ping message from server: {"id":0,"type":"ping","data":null}
2024/04/28 09:35:09 Received ping message from server: {"id":0,"type":"ping","data":null}
2024/04/28 09:35:10 Received ping message from server: {"id":0,"type":"ping","data":null}
2024/04/28 09:35:11 Received ping message from server: {"id":0,"type":"ping","data":null}
2024/04/28 09:35:12 Received ping message from server: {"id":0,"type":"ping","data":null}
2024/04/28 09:35:13 Received ping message from server: {"id":0,"type":"ping","data":null}
2024/04/28 09:35:14 Received ping message from server: {"id":0,"type":"ping","data":null}
2024/04/28 09:35:15 Received ping message from server: {"id":0,"type":"ping","data":null}
2024/04/28 09:35:16 Received ping message from server: {"id":0,"type":"ping","data":null}
2024/04/28 09:35:17 Received ping message from server: {"id":0,"type":"ping","data":null}
2024/04/28 09:35:18 Received ping message from server: {"id":0,"type":"ping","data":null}
2024/04/28 09:35:19 Received ping message from server: {"id":0,"type":"ping","data":null}
2024/04/28 09:35:20 Received ping message from server: {"id":0,"type":"ping","data":null}
2024/04/28 09:35:21 Received ping message from server: {"id":0,"type":"ping","data":null}
2024/04/28 09:35:22 Received ping message from server: {"id":0,"type":"ping","data":null}
2024/04/28 09:35:23 Received ping message from server: {"id":0,"type":"ping","data":null}
2024/04/28 09:35:24 Received ping message from server: {"id":0,"type":"ping","data":null}
2024/04/28 09:35:25 Received ping message from server: {"id":0,"type":"ping","data":null}
2024/04/28 09:35:26 Received ping message from server: {"id":0,"type":"ping","data":null}
2024/04/28 09:35:27 Received ping message from server: {"id":0,"type":"ping","data":null}
2024/04/28 09:35:28 Received ping message from server: {"id":0,"type":"ping","data":null}
2024/04/28 09:35:29 Received ping message from server: {"id":0,"type":"ping","data":null}
2024/04/28 09:35:30 Received ping message from server: {"id":0,"type":"ping","data":null}
2024/04/28 09:35:31 Received ping message from server: {"id":0,"type":"ping","data":null}
2024/04/28 09:35:32 Received ping message from server: {"id":0,"type":"ping","data":null}
2024/04/28 09:35:33 Received ping message from server: {"id":0,"type":"ping","data":null}
2024/04/28 09:35:34 Received ping message from server: {"id":0,"type":"ping","data":null}
2024/04/28 09:35:35 Received ping message from server: {"id":0,"type":"ping","data":null}
2024/04/28 09:35:36 Received ping message from server: {"id":0,"type":"ping","data":null}
2024/04/28 09:35:37 Received ping message from server: {"id":0,"type":"ping","data":null}
2024/04/28 09:35:38 Received ping message from server: {"id":0,"type":"ping","data":null}
2024/04/28 09:35:39 Received ping message from server: {"id":0,"type":"ping","data":null}
2024/04/28 09:35:40 Received ping message from server: {"id":0,"type":"ping","data":null}
2024/04/28 09:35:41 Received ping message from server: {"id":0,"type":"ping","data":null}
2024/04/28 09:35:42 Received ping message from server: {"id":0,"type":"ping","data":null}
2024/04/28 09:35:43 Received ping message from server: {"id":0,"type":"ping","data":null}
2024/04/28 09:35:44 Received ping message from server: {"id":0,"type":"ping","data":null}
2024/04/28 09:35:45 Received ping message from server: {"id":0,"type":"ping","data":null}
2024/04/28 09:35:46 Received ping message from server: {"id":0,"type":"ping","data":null}
2024/04/28 09:35:47 Received ping message from server: {"id":0,"type":"ping","data":null}
2024/04/28 09:35:48 Received ping message from server: {"id":0,"type":"ping","data":null}
2024/04/28 09:35:49 Received ping message from server: {"id":0,"type":"ping","data":null}
2024/04/28 09:35:50 Received ping message from server: {"id":0,"type":"ping","data":null}
2024/04/28 09:35:51 Received ping message from server: {"id":0,"type":"ping","data":null}
2024/04/28 09:35:52 Received ping message from server: {"id":0,"type":"ping","data":null}
2024/04/28 09:35:53 Received ping message from server: {"id":0,"type":"ping","data":null}
2024/04/28 09:35:54 Received ping message from server: {"id":0,"type":"ping","data":null}
2024/04/28 09:35:55 Received ping message from server: {"id":0,"type":"ping","data":null}
2024/04/28 09:35:56 Received ping message from server: {"id":0,"type":"ping","data":null}
2024/04/28 09:35:57 Received ping message from server: {"id":0,"type":"ping","data":null}
2024/04/28 09:35:58 Received ping message from server: {"id":0,"type":"ping","data":null}
2024/04/28 09:35:59 Received ping message from server: {"id":0,"type":"ping","data":null}
2024/04/28 09:36:00 Received ping message from server: {"id":0,"type":"ping","data":null}
2024/04/28 09:36:01 Received ping message from server: {"id":0,"type":"ping","data":null}
2024/04/28 09:36:02 Received ping message from server: {"id":0,"type":"ping","data":null}
2024/04/28 09:36:03 Received ping message from server: {"id":0,"type":"ping","data":null}
2024/04/28 09:36:04 Received ping message from server: {"id":0,"type":"ping","data":null}
2024/04/28 09:36:05 Received ping message from server: {"id":0,"type":"ping","data":null}
2024/04/28 09:36:06 Received ping message from server: {"id":0,"type":"ping","data":null}
2024/04/28 09:36:07 Received ping message from server: {"id":0,"type":"ping","data":null}
2024/04/28 09:36:08 Received ping message from server: {"id":0,"type":"ping","data":null}
2024/04/28 09:36:09 Received ping message from server: {"id":0,"type":"ping","data":null}
2024/04/28 09:36:10 Received ping message from server: {"id":0,"type":"ping","data":null}
2024/04/28 09:36:11 Received ping message from server: {"id":0,"type":"ping","data":null}
2024/04/28 09:36:12 Received ping message from server: {"id":0,"type":"ping","data":null}
2024/04/28 09:36:13 Received ping message from server: {"id":0,"type":"ping","data":null}
2024/04/28 09:36:14 Received ping message from server: {"id":0,"type":"ping","data":null}
2024/04/28 09:36:15 Received ping message from server: {"id":0,"type":"ping","data":null}
2024/04/28 09:36:16 Received ping message from server: {"id":0,"type":"ping","data":null}
2024/04/28 09:36:17 Received ping message from server: {"id":0,"type":"ping","data":null}
2024/04/28 09:36:18 Received ping message from server: {"id":0,"type":"ping","data":null}
2024/04/28 09:36:19 Received ping message from server: {"id":0,"type":"ping","data":null}
2024/04/28 09:36:20 Received ping message from server: {"id":0,"type":"ping","data":null}
2024/04/28 09:36:21 Received ping message from server: {"id":0,"type":"ping","data":null}
2024/04/28 09:36:22 Received ping message from server: {"id":0,"type":"ping","data":null}
2024/04/28 09:36:23 Received ping message from server: {"id":0,"type":"ping","data":null}
2024/04/28 09:36:24 Received ping message from server: {"id":0,"type":"ping","data":null}
2024/04/28 09:36:25 Received ping message from server: {"id":0,"type":"ping","data":null}
2024/04/28 09:36:26 Received ping message from server: {"id":0,"type":"ping","data":null}
2024/04/28 09:36:27 Received ping message from server: {"id":0,"type":"ping","data":null}
2024/04/28 09:36:28 Received ping message from server: {"id":0,"type":"ping","data":null}
2024/04/28 09:36:29 Received ping message from server: {"id":0,"type":"ping","data":null}
2024/04/28 09:36:30 Received ping message from server: {"id":0,"type":"ping","data":null}
2024/04/28 09:36:31 Received ping message from server: {"id":0,"type":"ping","data":null}
2024/04/28 09:36:32 Received ping message from server: {"id":0,"type":"ping","data":null}
2024/04/28 09:36:33 Received ping message from server: {"id":0,"type":"ping","data":null}
2024/04/28 09:36:34 Received ping message from server: {"id":0,"type":"ping","data":null}
2024/04/28 09:36:35 Received ping message from server: {"id":0,"type":"ping","data":null}
2024/04/28 09:36:36 Received ping message from server: {"id":0,"type":"ping","data":null}
2024/04/28 09:36:37 Received ping message from server: {"id":0,"type":"ping","data":null}
2024/04/28 09:36:38 Received ping message from server: {"id":0,"type":"ping","data":null}
2024/04/28 09:36:39 Received ping message from server: {"id":0,"type":"ping","data":null}
2024/04/28 09:36:40 Received ping message from server: {"id":0,"type":"ping","data":null}
2024/04/28 09:36:41 Received ping message from server: {"id":0,"type":"ping","data":null}
2024/04/28 09:36:42 Received ping message from server: {"id":0,"type":"ping","data":null}
2024/04/28 09:36:43 Received ping message from server: {"id":0,"type":"ping","data":null}
2024/04/28 09:36:44 Received ping message from server: {"id":0,"type":"ping","data":null}
2024/04/28 09:36:45 Received ping message from server: {"id":0,"type":"ping","data":null}
2024/04/28 09:36:46 Received ping message from server: {"id":0,"type":"ping","data":null}
2024/04/28 09:36:47 Received ping message from server: {"id":0,"type":"ping","data":null}
2024/04/28 09:36:48 Received ping message from server: {"id":0,"type":"ping","data":null}
2024/04/28 09:36:49 Received ping message from server: {"id":0,"type":"ping","data":null}
2024/04/28 09:36:50 Received ping message from server: {"id":0,"type":"ping","data":null}
2024/04/28 09:36:51 Received ping message from server: {"id":0,"type":"ping","data":null}
2024/04/28 09:36:53 Received ping message from server: {"id":0,"type":"ping","data":null}
2024/04/28 09:36:54 Received ping message from server: {"id":0,"type":"ping","data":null}
2024/04/28 09:36:55 Received ping message from server: {"id":0,"type":"ping","data":null}
2024/04/28 09:36:56 Received ping message from server: {"id":0,"type":"ping","data":null}
2024/04/28 09:36:57 Received ping message from server: {"id":0,"type":"ping","data":null}
2024/04/28 09:36:58 Received ping message from server: {"id":0,"type":"ping","data":null}
2024/04/28 09:36:59 Received ping message from server: {"id":0,"type":"ping","data":null}
2024/04/28 09:37:00 Received ping message from server: {"id":0,"type":"ping","data":null}
2024/04/28 09:37:01 Received ping message from server: {"id":0,"type":"ping","data":null}
2024/04/28 09:37:02 Received ping message from server: {"id":0,"type":"ping","data":null}
2024/04/28 09:37:03 Received ping message from server: {"id":0,"type":"ping","data":null}
2024/04/28 09:37:04 Received ping message from server: {"id":0,"type":"ping","data":null}
2024/04/28 09:37:05 Received ping message from server: {"id":0,"type":"ping","data":null}
2024/04/28 09:37:06 Received ping message from server: {"id":0,"type":"ping","data":null}
2024/04/28 09:37:07 Received ping message from server: {"id":0,"type":"ping","data":null}
2024/04/28 09:37:08 Received ping message from server: {"id":0,"type":"ping","data":null}
2024/04/28 09:37:09 Received ping message from server: {"id":0,"type":"ping","data":null}
2024/04/28 09:37:10 Received ping message from server: {"id":0,"type":"ping","data":null}
2024/04/28 09:37:11 Received ping message from server: {"id":0,"type":"ping","data":null}
2024/04/28 09:37:12 Received ping message from server: {"id":0,"type":"ping","data":null}
2024/04/28 09:37:13 Received ping message from server: {"id":0,"type":"ping","data":null}
2024/04/28 09:37:14 Received ping message from server: {"id":0,"type":"ping","data":null}
2024/04/28 09:37:15 Received ping message from server: {"id":0,"type":"ping","data":null}
2024/04/28 09:37:16 Received ping message from server: {"id":0,"type":"ping","data":null}
2024/04/28 09:37:17 Received ping message from server: {"id":0,"type":"ping","data":null}
2024/04/28 09:37:18 Received ping message from server: {"id":0,"type":"ping","data":null}
2024/04/28 09:37:19 Received ping message from server: {"id":0,"type":"ping","data":null}
2024/04/28 09:37:20 Received ping message from server: {"id":0,"type":"ping","data":null}
2024/04/28 09:37:21 Received ping message from server: {"id":0,"type":"ping","data":null}
2024/04/28 09:37:22 Received ping message from server: {"id":0,"type":"ping","data":null}
2024/04/28 09:37:23 Received ping message from server: {"id":0,"type":"ping","data":null}
2024/04/28 09:37:24 Received ping message from server: {"id":0,"type":"ping","data":null}
2024/04/28 09:37:25 Received ping message from server: {"id":0,"type":"ping","data":null}
2024/04/28 09:37:26 Received ping message from server: {"id":0,"type":"ping","data":null}
2024/04/28 09:37:27 Received ping message from server: {"id":0,"type":"ping","data":null}
2024/04/28 09:37:28 Received ping message from server: {"id":0,"type":"ping","data":null}
2024/04/28 09:37:29 Received ping message from server: {"id":0,"type":"ping","data":null}
2024/04/28 09:37:30 Received ping message from server: {"id":0,"type":"ping","data":null}
2024/04/28 09:37:31 Received ping message from server: {"id":0,"type":"ping","data":null}
2024/04/28 09:37:32 Received ping message from server: {"id":0,"type":"ping","data":null}
2024/04/28 09:37:33 Received ping message from server: {"id":0,"type":"ping","data":null}
2024/04/28 09:37:34 Received ping message from server: {"id":0,"type":"ping","data":null}
2024/04/28 09:37:35 Received ping message from server: {"id":0,"type":"ping","data":null}
2024/04/28 09:37:36 Received ping message from server: {"id":0,"type":"ping","data":null}
2024/04/28 09:37:37 Received ping message from server: {"id":0,"type":"ping","data":null}
2024/04/28 09:37:38 Received ping message from server: {"id":0,"type":"ping","data":null}
2024/04/28 09:37:39 Received ping message from server: {"id":0,"type":"ping","data":null}
2024/04/28 09:37:40 Received ping message from server: {"id":0,"type":"ping","data":null}
2024/04/28 09:37:41 Received ping message from server: {"id":0,"type":"ping","data":null}
2024/04/28 09:37:42 Received ping message from server: {"id":0,"type":"ping","data":null}
2024/04/28 09:37:43 Received ping message from server: {"id":0,"type":"ping","data":null}
2024/04/28 09:37:44 Received ping message from server: {"id":0,"type":"ping","data":null}
2024/04/28 09:37:45 Received ping message from server: {"id":0,"type":"ping","data":null}
2024/04/28 09:37:46 Received ping message from server: {"id":0,"type":"ping","data":null}
2024/04/28 09:37:47 Received ping message from server: {"id":0,"type":"ping","data":null}
2024/04/28 09:37:48 Received ping message from server: {"id":0,"type":"ping","data":null}
2024/04/28 09:37:49 Received ping message from server: {"id":0,"type":"ping","data":null}
2024/04/28 09:37:50 Received ping message from server: {"id":0,"type":"ping","data":null}
2024/04/28 09:37:51 Received ping message from server: {"id":0,"type":"ping","data":null}
2024/04/28 09:37:52 Received ping message from server: {"id":0,"type":"ping","data":null}
2024/04/28 09:37:53 Received ping message from server: {"id":0,"type":"ping","data":null}
2024/04/28 09:37:54 Received ping message from server: {"id":0,"type":"ping","data":null}
2024/04/28 09:37:55 Received ping message from server: {"id":0,"type":"ping","data":null}
2024/04/28 09:37:56 Received ping message from server: {"id":0,"type":"ping","data":null}
2024/04/28 09:37:57 Received ping message from server: {"id":0,"type":"ping","data":null}
2024/04/28 09:37:58 Received ping message from server: {"id":0,"type":"ping","data":null}
2024/04/28 09:37:59 Received ping message from server: {"id":0,"type":"ping","data":null}
2024/04/28 09:38:00 Received ping message from server: {"id":0,"type":"ping","data":null}
2024/04/28 09:38:01 Received ping message from server: {"id":0,"type":"ping","data":null}
2024/04/28 09:38:02 Received ping message from server: {"id":0,"type":"ping","data":null}
2024/04/28 09:38:03 Received ping message from server: {"id":0,"type":"ping","data":null}
2024/04/28 09:38:04 Received ping message from server: {"id":0,"type":"ping","data":null}
2024/04/28 09:38:05 Received ping message from server: {"id":0,"type":"ping","data":null}
2024/04/28 09:38:06 Received ping message from server: {"id":0,"type":"ping","data":null}
2024/04/28 09:38:07 Received ping message from server: {"id":0,"type":"ping","data":null}
2024/04/28 09:38:08 Received ping message from server: {"id":0,"type":"ping","data":null}
2024/04/28 09:38:09 Received ping message from server: {"id":0,"type":"ping","data":null}
2024/04/28 09:38:10 Received ping message from server: {"id":0,"type":"ping","data":null}
2024/04/28 09:38:11 Received ping message from server: {"id":0,"type":"ping","data":null}
2024/04/28 09:38:12 Received ping message from server: {"id":0,"type":"ping","data":null}
2024/04/28 09:38:13 Received ping message from server: {"id":0,"type":"ping","data":null}
2024/04/28 09:38:14 Received ping message from server: {"id":0,"type":"ping","data":null}
2024/04/28 09:38:15 Received ping message from server: {"id":0,"type":"ping","data":null}
2024/04/28 09:38:16 Received ping message from server: {"id":0,"type":"ping","data":null}
2024/04/28 09:38:17 Received ping message from server: {"id":0,"type":"ping","data":null}
2024/04/28 09:38:18 Received ping message from server: {"id":0,"type":"ping","data":null}
2024/04/28 09:38:19 Received ping message from server: {"id":0,"type":"ping","data":null}
2024/04/28 09:38:20 Received ping message from server: {"id":0,"type":"ping","data":null}
2024/04/28 09:38:21 Received ping message from server: {"id":0,"type":"ping","data":null}
2024/04/28 09:38:22 Received ping message from server: {"id":0,"type":"ping","data":null}
2024/04/28 09:38:23 Received ping message from server: {"id":0,"type":"ping","data":null}
2024/04/28 09:38:24 Received ping message from server: {"id":0,"type":"ping","data":null}
2024/04/28 09:38:25 Received ping message from server: {"id":0,"type":"ping","data":null}
2024/04/28 09:38:26 Received ping message from server: {"id":0,"type":"ping","data":null}
2024/04/28 09:38:27 Received ping message from server: {"id":0,"type":"ping","data":null}
2024/04/28 09:38:28 Received ping message from server: {"id":0,"type":"ping","data":null}
2024/04/28 09:38:29 Received ping message from server: {"id":0,"type":"ping","data":null}
2024/04/28 09:38:30 Received ping message from server: {"id":0,"type":"ping","data":null}
2024/04/28 09:38:31 Received ping message from server: {"id":0,"type":"ping","data":null}
2024/04/28 09:38:32 Received ping message from server: {"id":0,"type":"ping","data":null}
2024/04/28 09:38:33 Received ping message from server: {"id":0,"type":"ping","data":null}
2024/04/28 09:38:34 Received ping message from server: {"id":0,"type":"ping","data":null}
2024/04/28 09:38:35 Received ping message from server: {"id":0,"type":"ping","data":null}
2024/04/28 09:38:36 Received ping message from server: {"id":0,"type":"ping","data":null}
2024/04/28 09:38:37 Received ping message from server: {"id":0,"type":"ping","data":null}
2024/04/28 09:38:38 Received ping message from server: {"id":0,"type":"ping","data":null}
2024/04/28 09:38:39 Received ping message from server: {"id":0,"type":"ping","data":null}
2024/04/28 09:38:40 Received ping message from server: {"id":0,"type":"ping","data":null}
2024/04/28 09:38:41 Received ping message from server: {"id":0,"type":"ping","data":null}
2024/04/28 09:38:42 Received ping message from server: {"id":0,"type":"ping","data":null}
2024/04/28 09:38:43 Received ping message from server: {"id":0,"type":"ping","data":null}
2024/04/28 09:38:44 Received ping message from server: {"id":0,"type":"ping","data":null}
2024/04/28 09:38:45 Received ping message from server: {"id":0,"type":"ping","data":null}
2024/04/28 09:38:46 Received ping message from server: {"id":0,"type":"ping","data":null}
2024/04/28 09:38:47 Received ping message from server: {"id":0,"type":"ping","data":null}
2024/04/28 09:38:48 Received ping message from server: {"id":0,"type":"ping","data":null}
2024/04/28 09:38:49 Received ping message from server: {"id":0,"type":"ping","data":null}
2024/04/28 09:38:50 Received ping message from server: {"id":0,"type":"ping","data":null}
2024/04/28 09:38:51 Received ping message from server: {"id":0,"type":"ping","data":null}
2024/04/28 09:38:52 Received ping message from server: {"id":0,"type":"ping","data":null}
2024/04/28 09:38:53 Received ping message from server: {"id":0,"type":"ping","data":null}
2024/04/28 09:38:54 Received ping message from server: {"id":0,"type":"ping","data":null}
2024/04/28 09:38:55 Received ping message from server: {"id":0,"type":"ping","data":null}
2024/04/28 09:38:56 Received ping message from server: {"id":0,"type":"ping","data":null}
2024/04/28 09:38:57 Received ping message from server: {"id":0,"type":"ping","data":null}
2024/04/28 09:38:58 Received ping message from server: {"id":0,"type":"ping","data":null}
2024/04/28 09:38:59 Received ping message from server: {"id":0,"type":"ping","data":null}
2024/04/28 09:39:00 Received ping message from server: {"id":0,"type":"ping","data":null}
2024/04/28 09:39:01 Received ping message from server: {"id":0,"type":"ping","data":null}
2024/04/28 09:39:02 Received ping message from server: {"id":0,"type":"ping","data":null}
2024/04/28 09:39:03 Received ping message from server: {"id":0,"type":"ping","data":null}
2024/04/28 09:39:04 Received ping message from server: {"id":0,"type":"ping","data":null}
2024/04/28 09:39:05 Received ping message from server: {"id":0,"type":"ping","data":null}
2024/04/28 09:39:06 Received ping message from server: {"id":0,"type":"ping","data":null}
2024/04/28 09:39:07 Received ping message from server: {"id":0,"type":"ping","data":null}
2024/04/28 09:39:08 Received ping message from server: {"id":0,"type":"ping","data":null}
2024/04/28 09:39:09 Received ping message from server: {"id":0,"type":"ping","data":null}
2024/04/28 09:39:10 Received ping message from server: {"id":0,"type":"ping","data":null}
2024/04/28 09:39:11 Received ping message from server: {"id":0,"type":"ping","data":null}
2024/04/28 09:39:12 Received ping message from server: {"id":0,"type":"ping","data":null}
2024/04/28 09:39:13 Received ping message from server: {"id":0,"type":"ping","data":null}
2024/04/28 09:39:14 Received ping message from server: {"id":0,"type":"ping","data":null}
2024/04/28 09:39:15 Received ping message from server: {"id":0,"type":"ping","data":null}
2024/04/28 09:39:16 Received ping message from server: {"id":0,"type":"ping","data":null}
2024/04/28 09:39:17 Received ping message from server: {"id":0,"type":"ping","data":null}
2024/04/28 09:39:18 Received ping message from server: {"id":0,"type":"ping","data":null}
2024/04/28 09:39:19 Received ping message from server: {"id":0,"type":"ping","data":null}
2024/04/28 09:39:20 Received ping message from server: {"id":0,"type":"ping","data":null}
2024/04/28 09:39:21 Received ping message from server: {"id":0,"type":"ping","data":null}
2024/04/28 09:39:22 Received ping message from server: {"id":0,"type":"ping","data":null}
2024/04/28 09:39:23 Received ping message from server: {"id":0,"type":"ping","data":null}
2024/04/28 09:39:24 Received ping message from server: {"id":0,"type":"ping","data":null}
2024/04/28 09:39:25 Received ping message from server: {"id":0,"type":"ping","data":null}
2024/04/28 09:39:26 Received ping message from server: {"id":0,"type":"ping","data":null}
2024/04/28 09:39:27 Received ping message from server: {"id":0,"type":"ping","data":null}
2024/04/28 09:39:28 Received ping message from server: {"id":0,"type":"ping","data":null}
2024/04/28 09:39:29 Received ping message from server: {"id":0,"type":"ping","data":null}
2024/04/28 09:39:30 Received ping message from server: {"id":0,"type":"ping","data":null}
2024/04/28 09:39:31 Received ping message from server: {"id":0,"type":"ping","data":null}
2024/04/28 09:39:32 Received ping message from server: {"id":0,"type":"ping","data":null}
2024/04/28 09:39:33 Received ping message from server: {"id":0,"type":"ping","data":null}
2024/04/28 09:39:34 Received ping message from server: {"id":0,"type":"ping","data":null}
2024/04/28 09:39:35 Received ping message from server: {"id":0,"type":"ping","data":null}
2024/04/28 09:39:36 Received ping message from server: {"id":0,"type":"ping","data":null}
2024/04/28 09:39:37 Received ping message from server: {"id":0,"type":"ping","data":null}
2024/04/28 09:39:38 Received ping message from server: {"id":0,"type":"ping","data":null}
2024/04/28 09:39:39 Received ping message from server: {"id":0,"type":"ping","data":null}
2024/04/28 09:39:40 Received ping message from server: {"id":0,"type":"ping","data":null}
2024/04/28 09:39:41 Received ping message from server: {"id":0,"type":"ping","data":null}
2024/04/28 09:39:42 Received ping message from server: {"id":0,"type":"ping","data":null}
2024/04/28 09:39:43 Received ping message from server: {"id":0,"type":"ping","data":null}
2024/04/28 09:39:44 Received ping message from server: {"id":0,"type":"ping","data":null}
2024/04/28 09:39:45 Received ping message from server: {"id":0,"type":"ping","data":null}
2024/04/28 09:39:46 Received ping message from server: {"id":0,"type":"ping","data":null}
2024/04/28 09:39:47 Received ping message from server: {"id":0,"type":"ping","data":null}
2024/04/28 09:39:48 Received ping message from server: {"id":0,"type":"ping","data":null}
2024/04/28 09:39:49 Received ping message from server: {"id":0,"type":"ping","data":null}
2024/04/28 09:39:50 Received ping message from server: {"id":0,"type":"ping","data":null}
2024/04/28 09:39:51 Received ping message from server: {"id":0,"type":"ping","data":null}
2024/04/28 09:39:52 Received ping message from server: {"id":0,"type":"ping","data":null}
2024/04/28 09:39:53 Received ping message from server: {"id":0,"type":"ping","data":null}
2024/04/28 09:39:54 Received ping message from server: {"id":0,"type":"ping","data":null}
2024/04/28 09:39:55 Received ping message from server: {"id":0,"type":"ping","data":null}
2024/04/28 09:39:56 Received ping message from server: {"id":0,"type":"ping","data":null}
2024/04/28 09:39:57 Received ping message from server: {"id":0,"type":"ping","data":null}
2024/04/28 09:39:58 Received ping message from server: {"id":0,"type":"ping","data":null}
2024/04/28 09:39:59 Received ping message from server: {"id":0,"type":"ping","data":null}
2024/04/28 09:40:00 Received ping message from server: {"id":0,"type":"ping","data":null}
2024/04/28 09:40:01 Received ping message from server: {"id":0,"type":"ping","data":null}
2024/04/28 09:40:02 Received ping message from server: {"id":0,"type":"ping","data":null}
2024/04/28 09:40:03 Received ping message from server: {"id":0,"type":"ping","data":null}
2024/04/28 09:40:04 Received ping message from server: {"id":0,"type":"ping","data":null}
2024/04/28 09:40:05 Received ping message from server: {"id":0,"type":"ping","data":null}
2024/04/28 09:40:06 Received ping message from server: {"id":0,"type":"ping","data":null}
2024/04/28 09:40:07 Received ping message from server: {"id":0,"type":"ping","data":null}
2024/04/28 09:40:08 Received ping message from server: {"id":0,"type":"ping","data":null}
2024/04/28 09:40:09 Received ping message from server: {"id":0,"type":"ping","data":null}
2024/04/28 09:40:10 Received ping message from server: {"id":0,"type":"ping","data":null}
2024/04/28 09:40:11 Received ping message from server: {"id":0,"type":"ping","data":null}
2024/04/28 09:40:12 Received ping message from server: {"id":0,"type":"ping","data":null}
2024/04/28 09:40:13 Received ping message from server: {"id":0,"type":"ping","data":null}
2024/04/28 09:40:14 Received ping message from server: {"id":0,"type":"ping","data":null}
2024/04/28 09:40:15 Received ping message from server: {"id":0,"type":"ping","data":null}
2024/04/28 09:40:16 Received ping message from server: {"id":0,"type":"ping","data":null}
2024/04/28 09:40:17 Received ping message from server: {"id":0,"type":"ping","data":null}
2024/04/28 09:40:18 Received ping message from server: {"id":0,"type":"ping","data":null}
2024/04/28 09:40:19 Received ping message from server: {"id":0,"type":"ping","data":null}
2024/04/28 09:40:20 Received ping message from server: {"id":0,"type":"ping","data":null}
2024/04/28 09:40:21 Received ping message from server: {"id":0,"type":"ping","data":null}
2024/04/28 09:40:22 Received ping message from server: {"id":0,"type":"ping","data":null}
2024/04/28 09:40:23 Received ping message from server: {"id":0,"type":"ping","data":null}
2024/04/28 09:40:24 Received ping message from server: {"id":0,"type":"ping","data":null}
2024/04/28 09:40:25 Received ping message from server: {"id":0,"type":"ping","data":null}
2024/04/28 09:40:26 Received ping message from server: {"id":0,"type":"ping","data":null}
2024/04/28 09:40:27 Received ping message from server: {"id":0,"type":"ping","data":null}
2024/04/28 09:40:28 Received ping message from server: {"id":0,"type":"ping","data":null}
2024/04/28 09:40:29 Received ping message from server: {"id":0,"type":"ping","data":null}
2024/04/28 09:40:30 Received ping message from server: {"id":0,"type":"ping","data":null}
2024/04/28 09:40:31 Received ping message from server: {"id":0,"type":"ping","data":null}
2024/04/28 09:40:32 Received ping message from server: {"id":0,"type":"ping","data":null}
2024/04/28 09:40:33 Received ping message from server: {"id":0,"type":"ping","data":null}
2024/04/28 09:40:34 Received ping message from server: {"id":0,"type":"ping","data":null}
2024/04/28 09:40:35 Received ping message from server: {"id":0,"type":"ping","data":null}
2024/04/28 09:40:36 Received ping message from server: {"id":0,"type":"ping","data":null}
2024/04/28 09:40:37 Received ping message from server: {"id":0,"type":"ping","data":null}
2024/04/28 09:40:38 Received ping message from server: {"id":0,"type":"ping","data":null}
2024/04/28 09:40:39 Received ping message from server: {"id":0,"type":"ping","data":null}
2024/04/28 09:40:40 Received ping message from server: {"id":0,"type":"ping","data":null}
2024/04/28 09:40:41 Received ping message from server: {"id":0,"type":"ping","data":null}
2024/04/28 09:40:42 Received ping message from server: {"id":0,"type":"ping","data":null}
2024/04/28 09:40:43 Received ping message from server: {"id":0,"type":"ping","data":null}
2024/04/28 09:40:44 Received ping message from server: {"id":0,"type":"ping","data":null}
2024/04/28 09:40:45 Received ping message from server: {"id":0,"type":"ping","data":null}
2024/04/28 09:40:46 Received ping message from server: {"id":0,"type":"ping","data":null}
2024/04/28 09:40:47 Received ping message from server: {"id":0,"type":"ping","data":null}
2024/04/28 09:40:48 Received ping message from server: {"id":0,"type":"ping","data":null}
2024/04/28 09:40:49 Received ping message from server: {"id":0,"type":"ping","data":null}
2024/04/28 09:40:50 Received ping message from server: {"id":0,"type":"ping","data":null}
2024/04/28 09:40:51 Received ping message from server: {"id":0,"type":"ping","data":null}
2024/04/28 09:40:52 Received ping message from server: {"id":0,"type":"ping","data":null}
2024/04/28 09:40:53 Received ping message from server: {"id":0,"type":"ping","data":null}
2024/04/28 09:40:54 Received ping message from server: {"id":0,"type":"ping","data":null}
2024/04/28 09:40:55 Received ping message from server: {"id":0,"type":"ping","data":null}
2024/04/28 09:40:56 Received ping message from server: {"id":0,"type":"ping","data":null}
2024/04/28 09:40:57 Received ping message from server: {"id":0,"type":"ping","data":null}
2024/04/28 09:40:58 Received ping message from server: {"id":0,"type":"ping","data":null}
2024/04/28 09:40:59 Received ping message from server: {"id":0,"type":"ping","data":null}
2024/04/28 09:41:00 Received ping message from server: {"id":0,"type":"ping","data":null}
2024/04/28 09:41:01 Received ping message from server: {"id":0,"type":"ping","data":null}
2024/04/28 09:41:02 Received ping message from server: {"id":0,"type":"ping","data":null}
2024/04/28 09:41:03 Received ping message from server: {"id":0,"type":"ping","data":null}
2024/04/28 09:41:04 Received ping message from server: {"id":0,"type":"ping","data":null}
2024/04/28 09:41:05 Received ping message from server: {"id":0,"type":"ping","data":null}
2024/04/28 09:41:06 Received ping message from server: {"id":0,"type":"ping","data":null}
2024/04/28 09:41:07 Received ping message from server: {"id":0,"type":"ping","data":null}
2024/04/28 09:41:08 Received ping message from server: {"id":0,"type":"ping","data":null}
2024/04/28 09:41:09 Received ping message from server: {"id":0,"type":"ping","data":null}
2024/04/28 09:41:10 Received ping message from server: {"id":0,"type":"ping","data":null}
2024/04/28 09:41:11 Received ping message from server: {"id":0,"type":"ping","data":null}
2024/04/28 09:41:12 Received ping message from server: {"id":0,"type":"ping","data":null}
2024/04/28 09:41:13 Received ping message from server: {"id":0,"type":"ping","data":null}
2024/04/28 09:41:14 Received ping message from server: {"id":0,"type":"ping","data":null}
2024/04/28 09:41:15 Received ping message from server: {"id":0,"type":"ping","data":null}
2024/04/28 09:41:16 Received ping message from server: {"id":0,"type":"ping","data":null}
2024/04/28 09:41:17 Received ping message from server: {"id":0,"type":"ping","data":null}
2024/04/28 09:41:18 Received ping message from server: {"id":0,"type":"ping","data":null}
2024/04/28 09:41:19 Received ping message from server: {"id":0,"type":"ping","data":null}
2024/04/28 09:41:20 Received ping message from server: {"id":0,"type":"ping","data":null}
2024/04/28 09:41:21 Received ping message from server: {"id":0,"type":"ping","data":null}
2024/04/28 09:41:22 Received ping message from server: {"id":0,"type":"ping","data":null}
2024/04/28 09:41:23 Received ping message from server: {"id":0,"type":"ping","data":null}
2024/04/28 09:41:24 Received ping message from server: {"id":0,"type":"ping","data":null}
2024/04/28 09:41:25 Received ping message from server: {"id":0,"type":"ping","data":null}
2024/04/28 09:41:26 Received ping message from server: {"id":0,"type":"ping","data":null}
2024/04/28 09:41:27 Received ping message from server: {"id":0,"type":"ping","data":null}
2024/04/28 09:41:28 Received ping message from server: {"id":0,"type":"ping","data":null}
2024/04/28 09:41:29 Received ping message from server: {"id":0,"type":"ping","data":null}
2024/04/28 09:41:30 Received ping message from server: {"id":0,"type":"ping","data":null}
2024/04/28 09:41:31 Received ping message from server: {"id":0,"type":"ping","data":null}
2024/04/28 09:41:32 Received ping message from server: {"id":0,"type":"ping","data":null}
2024/04/28 09:41:33 Received ping message from server: {"id":0,"type":"ping","data":null}
2024/04/28 09:41:34 Received ping message from server: {"id":0,"type":"ping","data":null}
2024/04/28 09:41:35 Received ping message from server: {"id":0,"type":"ping","data":null}
2024/04/28 09:41:36 Received ping message from server: {"id":0,"type":"ping","data":null}
2024/04/28 09:41:37 Received ping message from server: {"id":0,"type":"ping","data":null}
2024/04/28 09:41:38 Received ping message from server: {"id":0,"type":"ping","data":null}
2024/04/28 09:41:39 Received ping message from server: {"id":0,"type":"ping","data":null}
2024/04/28 09:41:40 Received ping message from server: {"id":0,"type":"ping","data":null}
2024/04/28 09:41:41 Received ping message from server: {"id":0,"type":"ping","data":null}
2024/04/28 09:41:42 Received ping message from server: {"id":0,"type":"ping","data":null}
2024/04/28 09:41:43 Received ping message from server: {"id":0,"type":"ping","data":null}
2024/04/28 09:41:44 Received ping message from server: {"id":0,"type":"ping","data":null}
2024/04/28 09:41:45 Received ping message from server: {"id":0,"type":"ping","data":null}
2024/04/28 09:41:46 Received ping message from server: {"id":0,"type":"ping","data":null}
2024/04/28 09:41:47 Received ping message from server: {"id":0,"type":"ping","data":null}
2024/04/28 09:41:48 Received ping message from server: {"id":0,"type":"ping","data":null}
2024/04/28 09:41:49 Received ping message from server: {"id":0,"type":"ping","data":null}
2024/04/28 09:41:50 Received ping message from server: {"id":0,"type":"ping","data":null}
2024/04/28 09:41:51 Received ping message from server: {"id":0,"type":"ping","data":null}
2024/04/28 09:41:52 Received ping message from server: {"id":0,"type":"ping","data":null}
2024/04/28 09:41:53 Received ping message from server: {"id":0,"type":"ping","data":null}
2024/04/28 09:41:54 Received ping message from server: {"id":0,"type":"ping","data":null}
2024/04/28 09:41:55 Received ping message from server: {"id":0,"type":"ping","data":null}
2024/04/28 09:41:56 Received ping message from server: {"id":0,"type":"ping","data":null}
2024/04/28 09:41:57 Received ping message from server: {"id":0,"type":"ping","data":null}
2024/04/28 09:41:58 Received ping message from server: {"id":0,"type":"ping","data":null}
2024/04/28 09:41:59 Received ping message from server: {"id":0,"type":"ping","data":null}
2024/04/28 09:42:00 Received ping message from server: {"id":0,"type":"ping","data":null}
2024/04/28 09:42:01 Received ping message from server: {"id":0,"type":"ping","data":null}
2024/04/28 09:42:02 Received ping message from server: {"id":0,"type":"ping","data":null}
2024/04/28 09:42:03 Received ping message from server: {"id":0,"type":"ping","data":null}
2024/04/28 09:42:04 Received ping message from server: {"id":0,"type":"ping","data":null}
2024/04/28 09:42:05 Received ping message from server: {"id":0,"type":"ping","data":null}
2024/04/28 09:42:06 Received ping message from server: {"id":0,"type":"ping","data":null}
2024/04/28 09:42:07 Received ping message from server: {"id":0,"type":"ping","data":null}
2024/04/28 09:42:08 Received ping message from server: {"id":0,"type":"ping","data":null}
2024/04/28 09:42:09 Received ping message from server: {"id":0,"type":"ping","data":null}
2024/04/28 09:42:10 Received ping message from server: {"id":0,"type":"ping","data":null}
2024/04/28 09:42:11 Received ping message from server: {"id":0,"type":"ping","data":null}
2024/04/28 09:42:12 Received ping message from server: {"id":0,"type":"ping","data":null}
2024/04/28 09:42:13 Received ping message from server: {"id":0,"type":"ping","data":null}
2024/04/28 09:42:14 Received ping message from server: {"id":0,"type":"ping","data":null}
2024/04/28 09:42:15 Received ping message from server: {"id":0,"type":"ping","data":null}
2024/04/28 09:42:16 Received ping message from server: {"id":0,"type":"ping","data":null}
2024/04/28 09:42:17 Received ping message from server: {"id":0,"type":"ping","data":null}
2024/04/28 09:42:18 Received ping message from server: {"id":0,"type":"ping","data":null}
2024/04/28 09:42:19 Received ping message from server: {"id":0,"type":"ping","data":null}
2024/04/28 09:42:20 Received ping message from server: {"id":0,"type":"ping","data":null}
2024/04/28 09:42:21 Received ping message from server: {"id":0,"type":"ping","data":null}
2024/04/28 09:42:22 Received ping message from server: {"id":0,"type":"ping","data":null}
2024/04/28 09:42:23 Received ping message from server: {"id":0,"type":"ping","data":null}
2024/04/28 09:42:24 Received ping message from server: {"id":0,"type":"ping","data":null}
2024/04/28 09:42:25 Received ping message from server: {"id":0,"type":"ping","data":null}
2024/04/28 09:42:26 Received ping message from server: {"id":0,"type":"ping","data":null}
2024/04/28 09:42:27 Received ping message from server: {"id":0,"type":"ping","data":null}
2024/04/28 09:42:28 Received ping message from server: {"id":0,"type":"ping","data":null}
2024/04/28 09:42:29 Received ping message from server: {"id":0,"type":"ping","data":null}
2024/04/28 09:42:30 Received ping message from server: {"id":0,"type":"ping","data":null}
2024/04/28 09:42:31 Received ping message from server: {"id":0,"type":"ping","data":null}
2024/04/28 09:42:32 Received ping message from server: {"id":0,"type":"ping","data":null}
2024/04/28 09:42:33 Received ping message from server: {"id":0,"type":"ping","data":null}
2024/04/28 09:42:34 Received ping message from server: {"id":0,"type":"ping","data":null}
2024/04/28 09:42:35 Received ping message from server: {"id":0,"type":"ping","data":null}
2024/04/28 09:42:36 Received ping message from server: {"id":0,"type":"ping","data":null}
2024/04/28 09:42:37 Received ping message from server: {"id":0,"type":"ping","data":null}
2024/04/28 09:42:38 Received ping message from server: {"id":0,"type":"ping","data":null}
2024/04/28 09:42:39 Received ping message from server: {"id":0,"type":"ping","data":null}
2024/04/28 09:42:40 Received ping message from server: {"id":0,"type":"ping","data":null}
2024/04/28 09:42:41 Received ping message from server: {"id":0,"type":"ping","data":null}
2024/04/28 09:42:42 Received ping message from server: {"id":0,"type":"ping","data":null}
2024/04/28 09:42:43 Received ping message from server: {"id":0,"type":"ping","data":null}
2024/04/28 09:42:44 Received ping message from server: {"id":0,"type":"ping","data":null}
2024/04/28 09:42:45 Received ping message from server: {"id":0,"type":"ping","data":null}
2024/04/28 09:42:46 Received ping message from server: {"id":0,"type":"ping","data":null}
2024/04/28 09:42:47 Received ping message from server: {"id":0,"type":"ping","data":null}
2024/04/28 09:42:48 Received ping message from server: {"id":0,"type":"ping","data":null}
2024/04/28 09:42:49 Received ping message from server: {"id":0,"type":"ping","data":null}
2024/04/28 09:42:50 Received ping message from server: {"id":0,"type":"ping","data":null}
2024/04/28 09:42:51 Received ping message from server: {"id":0,"type":"ping","data":null}
2024/04/28 09:42:52 Received ping message from server: {"id":0,"type":"ping","data":null}
2024/04/28 09:42:53 Received ping message from server: {"id":0,"type":"ping","data":null}
2024/04/28 09:42:54 Received ping message from server: {"id":0,"type":"ping","data":null}
2024/04/28 09:42:55 Received ping message from server: {"id":0,"type":"ping","data":null}
2024/04/28 09:42:56 Received ping message from server: {"id":0,"type":"ping","data":null}
2024/04/28 09:42:57 Received ping message from server: {"id":0,"type":"ping","data":null}
2024/04/28 09:42:58 Received ping message from server: {"id":0,"type":"ping","data":null}
2024/04/28 09:42:59 Received ping message from server: {"id":0,"type":"ping","data":null}
2024/04/28 09:43:00 Received ping message from server: {"id":0,"type":"ping","data":null}
2024/04/28 09:43:01 Received ping message from server: {"id":0,"type":"ping","data":null}
2024/04/28 09:43:02 Received ping message from server: {"id":0,"type":"ping","data":null}
2024/04/28 09:43:03 Received ping message from server: {"id":0,"type":"ping","data":null}
2024/04/28 09:43:04 Received ping message from server: {"id":0,"type":"ping","data":null}
2024/04/28 09:43:05 Received ping message from server: {"id":0,"type":"ping","data":null}
2024/04/28 09:43:06 Received ping message from server: {"id":0,"type":"ping","data":null}
2024/04/28 09:43:07 Received ping message from server: {"id":0,"type":"ping","data":null}
2024/04/28 09:43:08 Received ping message from server: {"id":0,"type":"ping","data":null}
2024/04/28 09:43:09 Received ping message from server: {"id":0,"type":"ping","data":null}
2024/04/28 09:43:10 Received ping message from server: {"id":0,"type":"ping","data":null}
2024/04/28 09:43:11 Received ping message from server: {"id":0,"type":"ping","data":null}
2024/04/28 09:43:12 Received ping message from server: {"id":0,"type":"ping","data":null}
2024/04/28 09:43:13 Received ping message from server: {"id":0,"type":"ping","data":null}
2024/04/28 09:43:14 Received ping message from server: {"id":0,"type":"ping","data":null}
2024/04/28 09:43:15 Received ping message from server: {"id":0,"type":"ping","data":null}
2024/04/28 09:43:16 Received ping message from server: {"id":0,"type":"ping","data":null}
2024/04/28 09:43:17 Received ping message from server: {"id":0,"type":"ping","data":null}
2024/04/28 09:43:18 Received ping message from server: {"id":0,"type":"ping","data":null}
2024/04/28 09:43:19 Received ping message from server: {"id":0,"type":"ping","data":null}
2024/04/28 09:43:20 Received ping message from server: {"id":0,"type":"ping","data":null}
2024/04/28 09:43:21 Received ping message from server: {"id":0,"type":"ping","data":null}
2024/04/28 09:43:22 Received ping message from server: {"id":0,"type":"ping","data":null}
2024/04/28 09:43:23 Received ping message from server: {"id":0,"type":"ping","data":null}
2024/04/28 09:43:24 Received ping message from server: {"id":0,"type":"ping","data":null}
2024/04/28 09:43:25 Received ping message from server: {"id":0,"type":"ping","data":null}
2024/04/28 09:43:26 Received ping message from server: {"id":0,"type":"ping","data":null}
2024/04/28 09:43:27 Received ping message from server: {"id":0,"type":"ping","data":null}
2024/04/28 09:43:28 Received ping message from server: {"id":0,"type":"ping","data":null}
2024/04/28 09:43:29 Received ping message from server: {"id":0,"type":"ping","data":null}
2024/04/28 09:43:30 Received ping message from server: {"id":0,"type":"ping","data":null}
2024/04/28 09:43:31 Received ping message from server: {"id":0,"type":"ping","data":null}
2024/04/28 09:43:32 Received ping message from server: {"id":0,"type":"ping","data":null}
2024/04/28 09:43:33 Received ping message from server: {"id":0,"type":"ping","data":null}
2024/04/28 09:43:34 Received ping message from server: {"id":0,"type":"ping","data":null}
2024/04/28 09:43:35 Received ping message from server: {"id":0,"type":"ping","data":null}
2024/04/28 09:43:36 Received ping message from server: {"id":0,"type":"ping","data":null}
2024/04/28 09:43:37 Received ping message from server: {"id":0,"type":"ping","data":null}
2024/04/28 09:43:38 Received ping message from server: {"id":0,"type":"ping","data":null}
2024/04/28 09:43:39 Received ping message from server: {"id":0,"type":"ping","data":null}
2024/04/28 09:43:40 Received ping message from server: {"id":0,"type":"ping","data":null}
2024/04/28 09:43:41 Received ping message from server: {"id":0,"type":"ping","data":null}
2024/04/28 09:43:42 Received ping message from server: {"id":0,"type":"ping","data":null}
2024/04/28 09:43:43 Received ping message from server: {"id":0,"type":"ping","data":null}
2024/04/28 09:43:44 Received ping message from server: {"id":0,"type":"ping","data":null}
2024/04/28 09:43:45 Received ping message from server: {"id":0,"type":"ping","data":null}
2024/04/28 09:43:46 Received ping message from server: {"id":0,"type":"ping","data":null}
2024/04/28 09:43:47 Received ping message from server: {"id":0,"type":"ping","data":null}
2024/04/28 09:43:48 Received ping message from server: {"id":0,"type":"ping","data":null}
2024/04/28 09:43:49 Received ping message from server: {"id":0,"type":"ping","data":null}
2024/04/28 09:43:49 Failed to communicate with server: error occurred at /workspace/tcp-transfor/client/trans_local_tcp/core/listen_server_cmd.go:28 
	EOF
2024/04/28 09:43:52 Connected to server
2024/04/28 09:43:52 Sent hello message to server
2024/04/28 09:43:52 Received message from server: {"code":200,"msg":"hello success"}
2024/04/28 09:43:52 success establish connection with server
2024/04/28 09:43:53 Received ping message from server: {"id":0,"type":"ping","data":null}
2024/04/28 09:43:54 Received ping message from server: {"id":0,"type":"ping","data":null}
2024/04/28 09:43:55 Received ping message from server: {"id":0,"type":"ping","data":null}
2024/04/28 09:43:56 Received ping message from server: {"id":0,"type":"ping","data":null}
2024/04/28 09:43:57 Received ping message from server: {"id":0,"type":"ping","data":null}
2024/04/28 09:43:58 Received ping message from server: {"id":0,"type":"ping","data":null}
2024/04/28 09:55:01 Connected to server
2024/04/28 09:55:01 Sent hello message to server
2024/04/28 09:55:01 Received message from server: {"code":200,"msg":"hello success"}
2024/04/28 09:55:01 success establish connection with server
2024/04/28 09:55:02 Received ping message from server: {"id":0,"type":"ping","data":null}
2024/04/28 09:55:03 Received ping message from server: {"id":0,"type":"ping","data":null}
2024/04/28 09:55:04 Received ping message from server: {"id":0,"type":"ping","data":null}
2024/04/28 09:55:05 Received ping message from server: {"id":0,"type":"ping","data":null}
2024/04/28 09:55:06 Received ping message from server: {"id":0,"type":"ping","data":null}
2024/04/28 09:55:21 Connected to server
2024/04/28 09:55:21 Sent hello message to server
2024/04/28 09:55:21 Received message from server: {"code":200,"msg":"hello success"}
2024/04/28 09:55:21 success establish connection with server
2024/04/28 09:55:21 Received ping message from server: {"id":0,"type":"ping","data":null}
2024/04/28 09:55:22 Received ping message from server: {"id":0,"type":"ping","data":null}
2024/04/28 09:55:23 Received ping message from server: {"id":0,"type":"ping","data":null}
2024/04/28 09:55:24 Received ping message from server: {"id":0,"type":"ping","data":null}
2024/04/28 09:55:25 Received ping message from server: {"id":0,"type":"ping","data":null}
2024/04/28 09:57:57 Connected to server
2024/04/28 09:57:57 Sent hello message to server
2024/04/28 09:57:57 Received message from server: {"code":200,"msg":"hello success"}
2024/04/28 09:57:57 success establish connection with server
2024/04/28 09:57:58 Received ping message from server: {"id":0,"type":"ping","data":null}
2024/04/28 09:57:59 Received ping message from server: {"id":0,"type":"ping","data":null}
2024/04/28 09:58:00 Received ping message from server: {"id":0,"type":"ping","data":null}
2024/04/28 09:58:01 Received ping message from server: {"id":0,"type":"ping","data":null}
2024/04/28 09:59:46 Connected to server
2024/04/28 09:59:46 Sent hello message to server
2024/04/28 09:59:46 Received message from server: {"code":200,"msg":"hello success"}
2024/04/28 09:59:46 success establish connection with server
2024/04/28 09:59:47 Received ping message from server: {"id":0,"type":"ping","data":null}
2024/04/28 09:59:48 Received ping message from server: {"id":0,"type":"ping","data":null}
2024/04/28 09:59:49 Received ping message from server: {"id":0,"type":"ping","data":null}
2024/04/28 09:59:50 Received ping message from server: {"id":0,"type":"ping","data":null}
2024/04/28 09:59:51 Received ping message from server: {"id":0,"type":"ping","data":null}
2024/04/28 09:59:52 Received ping message from server: {"id":0,"type":"ping","data":null}
2024/04/28 09:59:53 Received ping message from server: {"id":0,"type":"ping","data":null}
2024/04/28 09:59:53 Received new connection request from server
2024/04/28 09:59:53 Connected to server
2024/04/28 09:59:53 success new sub connection to server 0
2024/04/28 09:59:54 Received ping message from server: {"id":0,"type":"ping","data":null}
2024/04/28 09:59:55 Received ping message from server: {"id":0,"type":"ping","data":null}
2024/04/28 09:59:56 Received ping message from server: {"id":0,"type":"ping","data":null}
2024/04/28 09:59:57 Received ping message from server: {"id":0,"type":"ping","data":null}
2024/04/28 09:59:58 Received ping message from server: {"id":0,"type":"ping","data":null}
2024/04/28 09:59:59 Received ping message from server: {"id":0,"type":"ping","data":null}
2024/04/28 10:00:00 Received ping message from server: {"id":0,"type":"ping","data":null}
2024/04/28 10:00:01 Received ping message from server: {"id":0,"type":"ping","data":null}
2024/04/28 10:00:02 Received ping message from server: {"id":0,"type":"ping","data":null}
2024/04/28 10:00:03 Received ping message from server: {"id":0,"type":"ping","data":null}
2024/04/28 10:00:04 Received ping message from server: {"id":0,"type":"ping","data":null}
2024/04/28 10:00:05 Received ping message from server: {"id":0,"type":"ping","data":null}
2024/04/28 10:00:06 Received ping message from server: {"id":0,"type":"ping","data":null}
2024/04/28 10:00:07 Received ping message from server: {"id":0,"type":"ping","data":null}
2024/04/28 10:00:08 Received ping message from server: {"id":0,"type":"ping","data":null}
2024/04/28 10:00:09 Received ping message from server: {"id":0,"type":"ping","data":null}
2024/04/28 10:00:10 Received ping message from server: {"id":0,"type":"ping","data":null}
2024/04/28 10:00:11 Received ping message from server: {"id":0,"type":"ping","data":null}
2024/04/28 10:00:12 Received ping message from server: {"id":0,"type":"ping","data":null}
2024/04/28 10:00:13 Received ping message from server: {"id":0,"type":"ping","data":null}
2024/04/28 10:00:14 Received ping message from server: {"id":0,"type":"ping","data":null}
2024/04/28 10:00:15 Received ping message from server: {"id":0,"type":"ping","data":null}
2024/04/28 10:00:16 Received ping message from server: {"id":0,"type":"ping","data":null}
2024/04/28 10:00:17 Received ping message from server: {"id":0,"type":"ping","data":null}
2024/04/28 10:00:18 Received ping message from server: {"id":0,"type":"ping","data":null}
2024/04/28 10:00:19 Received ping message from server: {"id":0,"type":"ping","data":null}
2024/04/28 10:00:20 Received ping message from server: {"id":0,"type":"ping","data":null}
2024/04/28 10:00:21 Received ping message from server: {"id":0,"type":"ping","data":null}
2024/04/28 10:00:22 Received ping message from server: {"id":0,"type":"ping","data":null}
2024/04/28 10:00:23 Received ping message from server: {"id":0,"type":"ping","data":null}
2024/04/28 10:00:24 Received ping message from server: {"id":0,"type":"ping","data":null}
2024/04/28 10:00:25 Received ping message from server: {"id":0,"type":"ping","data":null}
2024/04/28 10:00:26 Received ping message from server: {"id":0,"type":"ping","data":null}
2024/04/28 10:00:27 Received ping message from server: {"id":0,"type":"ping","data":null}
2024/04/28 10:00:28 Received ping message from server: {"id":0,"type":"ping","data":null}
2024/04/28 10:00:29 Received ping message from server: {"id":0,"type":"ping","data":null}
2024/04/28 10:00:30 Received ping message from server: {"id":0,"type":"ping","data":null}
2024/04/28 10:00:31 Received ping message from server: {"id":0,"type":"ping","data":null}
2024/04/28 10:00:32 Received ping message from server: {"id":0,"type":"ping","data":null}
2024/04/28 10:00:33 Received ping message from server: {"id":0,"type":"ping","data":null}
2024/04/28 10:00:34 Received ping message from server: {"id":0,"type":"ping","data":null}
2024/04/28 10:00:35 Received ping message from server: {"id":0,"type":"ping","data":null}
2024/04/28 10:00:36 Received ping message from server: {"id":0,"type":"ping","data":null}
2024/04/28 10:00:49 Connected to server
2024/04/28 10:00:49 Sent hello message to server
2024/04/28 10:00:49 Received message from server: {"code":200,"msg":"hello success"}
2024/04/28 10:00:49 success establish connection with server
2024/04/28 10:00:50 Received ping message from server: {"id":0,"type":"ping","data":null}
2024/04/28 10:00:51 Received ping message from server: {"id":0,"type":"ping","data":null}
2024/04/28 10:00:52 Received ping message from server: {"id":0,"type":"ping","data":null}
2024/04/28 10:00:53 Received ping message from server: {"id":0,"type":"ping","data":null}
2024/04/28 10:00:54 Received ping message from server: {"id":0,"type":"ping","data":null}
2024/04/28 10:01:28 Connected to server
2024/04/28 10:01:28 Sent hello message to server
2024/04/28 10:01:28 Received message from server: {"code":200,"msg":"hello success"}
2024/04/28 10:01:28 success establish connection with server
2024/04/28 10:01:28 Received ping message from server: {"id":0,"type":"ping","data":null}
2024/04/28 10:01:29 Received ping message from server: {"id":0,"type":"ping","data":null}
2024/04/28 10:01:30 Received ping message from server: {"id":0,"type":"ping","data":null}
2024/04/28 10:01:31 Received ping message from server: {"id":0,"type":"ping","data":null}
2024/04/28 10:01:32 Received ping message from server: {"id":0,"type":"ping","data":null}
2024/04/28 10:01:33 Received ping message from server: {"id":0,"type":"ping","data":null}
2024/04/28 10:01:34 Received ping message from server: {"id":0,"type":"ping","data":null}
2024/04/28 10:01:35 Received ping message from server: {"id":0,"type":"ping","data":null}
2024/04/28 10:01:36 Received ping message from server: {"id":0,"type":"ping","data":null}
2024/04/28 10:01:37 Received ping message from server: {"id":0,"type":"ping","data":null}
2024/04/28 10:02:43 Connected to server
2024/04/28 10:02:43 Sent hello message to server
2024/04/28 10:02:43 Received message from server: {"code":200,"msg":"hello success"}
2024/04/28 10:02:43 success establish connection with server
2024/04/28 10:02:44 Received ping message from server: {"id":0,"type":"ping","data":null}
2024/04/28 10:02:45 Received ping message from server: {"id":0,"type":"ping","data":null}
2024/04/28 10:02:46 Received ping message from server: {"id":0,"type":"ping","data":null}
2024/04/28 10:02:47 Received new connection request from server
2024/04/28 10:02:47 Connected to server
2024/04/28 10:02:47 success new sub connection to server 0
2024/04/28 10:02:47 Received ping message from server: {"id":0,"type":"ping","data":null}
2024/04/28 10:02:48 Received ping message from server: {"id":0,"type":"ping","data":null}
2024/04/28 10:02:49 Received ping message from server: {"id":0,"type":"ping","data":null}
2024/04/28 10:02:50 Received ping message from server: {"id":0,"type":"ping","data":null}
2024/04/28 10:02:51 Received ping message from server: {"id":0,"type":"ping","data":null}
2024/04/28 10:02:52 Received ping message from server: {"id":0,"type":"ping","data":null}
2024/04/28 10:02:53 Received ping message from server: {"id":0,"type":"ping","data":null}
2024/04/28 10:02:54 Received ping message from server: {"id":0,"type":"ping","data":null}
2024/04/28 10:02:55 Received ping message from server: {"id":0,"type":"ping","data":null}
2024/04/28 10:02:56 Received ping message from server: {"id":0,"type":"ping","data":null}
2024/04/28 10:02:57 Received ping message from server: {"id":0,"type":"ping","data":null}
2024/04/28 10:02:58 Received ping message from server: {"id":0,"type":"ping","data":null}
2024/04/28 10:02:59 Received ping message from server: {"id":0,"type":"ping","data":null}
2024/04/28 10:02:59 Received new connection request from server
2024/04/28 10:02:59 Connected to server
2024/04/28 10:02:59 success new sub connection to server 0
2024/04/28 10:03:00 Received ping message from server: {"id":0,"type":"ping","data":null}
2024/04/28 10:03:01 Received ping message from server: {"id":0,"type":"ping","data":null}
2024/04/28 10:03:02 Received ping message from server: {"id":0,"type":"ping","data":null}
2024/04/28 10:03:03 Received ping message from server: {"id":0,"type":"ping","data":null}
2024/04/28 10:03:04 Received ping message from server: {"id":0,"type":"ping","data":null}
2024/04/28 10:03:05 Received ping message from server: {"id":0,"type":"ping","data":null}
2024/04/28 10:03:06 Received ping message from server: {"id":0,"type":"ping","data":null}
2024/04/28 10:03:07 Received ping message from server: {"id":0,"type":"ping","data":null}
2024/04/28 10:03:08 Received ping message from server: {"id":0,"type":"ping","data":null}
2024/04/28 10:03:09 Received ping message from server: {"id":0,"type":"ping","data":null}
2024/04/28 10:03:10 Received ping message from server: {"id":0,"type":"ping","data":null}
2024/04/28 10:03:11 Received ping message from server: {"id":0,"type":"ping","data":null}
2024/04/28 10:03:12 Received ping message from server: {"id":0,"type":"ping","data":null}
2024/04/28 10:03:13 Received ping message from server: {"id":0,"type":"ping","data":null}
2024/04/28 10:03:14 Received ping message from server: {"id":0,"type":"ping","data":null}
2024/04/28 10:03:15 Received ping message from server: {"id":0,"type":"ping","data":null}
2024/04/28 10:03:16 Received ping message from server: {"id":0,"type":"ping","data":null}
2024/04/28 10:03:17 Received ping message from server: {"id":0,"type":"ping","data":null}
2024/04/28 10:03:18 Received ping message from server: {"id":0,"type":"ping","data":null}
2024/04/28 10:03:19 Received ping message from server: {"id":0,"type":"ping","data":null}
2024/04/28 10:03:20 Received ping message from server: {"id":0,"type":"ping","data":null}
2024/04/28 10:03:21 Received ping message from server: {"id":0,"type":"ping","data":null}
2024/04/28 10:03:22 Received ping message from server: {"id":0,"type":"ping","data":null}
2024/04/28 10:03:23 Received ping message from server: {"id":0,"type":"ping","data":null}
2024/04/28 10:03:24 Received ping message from server: {"id":0,"type":"ping","data":null}
2024/04/28 10:03:25 Received ping message from server: {"id":0,"type":"ping","data":null}
2024/04/28 10:03:26 Received ping message from server: {"id":0,"type":"ping","data":null}
2024/04/28 10:03:27 Received ping message from server: {"id":0,"type":"ping","data":null}
2024/04/28 10:03:28 Received ping message from server: {"id":0,"type":"ping","data":null}
2024/04/28 10:03:29 Received ping message from server: {"id":0,"type":"ping","data":null}
2024/04/28 10:03:30 Received ping message from server: {"id":0,"type":"ping","data":null}
2024/04/28 10:03:31 Received ping message from server: {"id":0,"type":"ping","data":null}
2024/04/28 10:03:32 Received ping message from server: {"id":0,"type":"ping","data":null}
2024/04/28 10:03:33 Received ping message from server: {"id":0,"type":"ping","data":null}
2024/04/28 10:03:34 Received ping message from server: {"id":0,"type":"ping","data":null}
2024/04/28 10:03:35 Received ping message from server: {"id":0,"type":"ping","data":null}
2024/04/28 10:03:36 Received ping message from server: {"id":0,"type":"ping","data":null}
2024/04/28 10:03:37 Received ping message from server: {"id":0,"type":"ping","data":null}
2024/04/28 10:03:38 Received ping message from server: {"id":0,"type":"ping","data":null}
2024/04/28 10:03:39 Received ping message from server: {"id":0,"type":"ping","data":null}
2024/04/28 10:03:39 Received new connection request from server
2024/04/28 10:03:39 Connected to server
2024/04/28 10:03:39 success new sub connection to server 0
2024/04/28 10:03:40 Received ping message from server: {"id":0,"type":"ping","data":null}
2024/04/28 10:03:41 Received ping message from server: {"id":0,"type":"ping","data":null}
2024/04/28 10:03:42 Received ping message from server: {"id":0,"type":"ping","data":null}
2024/04/28 10:03:43 Received ping message from server: {"id":0,"type":"ping","data":null}
2024/04/28 10:03:44 Received ping message from server: {"id":0,"type":"ping","data":null}
2024/04/28 10:03:45 Received ping message from server: {"id":0,"type":"ping","data":null}
2024/04/28 10:03:46 Received ping message from server: {"id":0,"type":"ping","data":null}
2024/04/28 10:03:47 Received ping message from server: {"id":0,"type":"ping","data":null}
2024/04/28 10:03:48 Received ping message from server: {"id":0,"type":"ping","data":null}
2024/04/28 10:03:49 Received ping message from server: {"id":0,"type":"ping","data":null}
2024/04/28 10:03:50 Received ping message from server: {"id":0,"type":"ping","data":null}
2024/04/28 10:03:51 Received ping message from server: {"id":0,"type":"ping","data":null}
2024/04/28 10:03:52 Received ping message from server: {"id":0,"type":"ping","data":null}
2024/04/28 10:03:53 Received ping message from server: {"id":0,"type":"ping","data":null}
2024/04/28 10:03:54 Received ping message from server: {"id":0,"type":"ping","data":null}
2024/04/28 10:03:55 Received ping message from server: {"id":0,"type":"ping","data":null}
2024/04/28 10:03:56 Received ping message from server: {"id":0,"type":"ping","data":null}
2024/04/28 10:03:57 Received ping message from server: {"id":0,"type":"ping","data":null}
2024/04/28 10:03:58 Received ping message from server: {"id":0,"type":"ping","data":null}
2024/04/28 10:03:59 Received ping message from server: {"id":0,"type":"ping","data":null}
2024/04/28 10:04:00 Failed to communicate with server: error occurred at /workspace/tcp-transfor/client/trans_local_tcp/core/listen_server_cmd.go:28 
	EOF
2024/04/28 10:04:09 Connected to server
2024/04/28 10:04:09 Sent hello message to server
2024/04/28 10:04:09 Received message from server: {"code":200,"msg":"hello success"}
2024/04/28 10:04:09 success establish connection with server
2024/04/28 10:04:09 Received ping message from server: {"id":0,"type":"ping","data":null}
2024/04/28 10:04:10 Received ping message from server: {"id":0,"type":"ping","data":null}
2024/04/28 10:04:11 Received ping message from server: {"id":0,"type":"ping","data":null}
2024/04/28 10:04:12 Received new connection request from server
2024/04/28 10:04:12 Connected to server
2024/04/28 10:04:12 success new sub connection to server 0
2024/04/28 10:04:12 Received ping message from server: {"id":0,"type":"ping","data":null}
2024/04/28 10:04:13 Received ping message from server: {"id":0,"type":"ping","data":null}
2024/04/28 10:04:14 Received ping message from server: {"id":0,"type":"ping","data":null}
2024/04/28 10:04:15 Received ping message from server: {"id":0,"type":"ping","data":null}
2024/04/28 10:04:16 Received ping message from server: {"id":0,"type":"ping","data":null}
2024/04/28 10:04:17 Received ping message from server: {"id":0,"type":"ping","data":null}
2024/04/28 10:04:18 Received ping message from server: {"id":0,"type":"ping","data":null}
2024/04/28 10:04:19 Received ping message from server: {"id":0,"type":"ping","data":null}
2024/04/28 10:04:20 Received ping message from server: {"id":0,"type":"ping","data":null}
2024/04/28 10:04:21 Received ping message from server: {"id":0,"type":"ping","data":null}
2024/04/28 10:04:22 Received ping message from server: {"id":0,"type":"ping","data":null}
2024/04/28 10:04:23 Received ping message from server: {"id":0,"type":"ping","data":null}
2024/04/28 10:04:24 Received ping message from server: {"id":0,"type":"ping","data":null}
2024/04/28 10:04:25 Received ping message from server: {"id":0,"type":"ping","data":null}
2024/04/28 10:04:26 Received ping message from server: {"id":0,"type":"ping","data":null}
2024/04/28 10:04:27 Received ping message from server: {"id":0,"type":"ping","data":null}
2024/04/28 10:04:27 Failed to communicate with server: error occurred at /workspace/tcp-transfor/client/trans_local_tcp/core/listen_server_cmd.go:28 
	EOF
2024/04/28 10:04:32 Connected to server
2024/04/28 10:04:32 Sent hello message to server
2024/04/28 10:04:32 Received message from server: {"code":200,"msg":"hello success"}
2024/04/28 10:04:32 success establish connection with server
2024/04/28 10:04:32 Received ping message from server: {"id":0,"type":"ping","data":null}
2024/04/28 10:04:33 Received ping message from server: {"id":0,"type":"ping","data":null}
2024/04/28 10:04:34 Received ping message from server: {"id":0,"type":"ping","data":null}
2024/04/28 10:04:35 Received ping message from server: {"id":0,"type":"ping","data":null}
2024/04/28 10:04:35 Received new connection request from server
2024/04/28 10:04:35 Connected to server
2024/04/28 10:04:35 success new sub connection to server 0
2024/04/28 10:04:36 Received ping message from server: {"id":0,"type":"ping","data":null}
2024/04/28 10:04:37 Received ping message from server: {"id":0,"type":"ping","data":null}
2024/04/28 10:04:38 Received ping message from server: {"id":0,"type":"ping","data":null}
2024/04/28 10:04:39 Received ping message from server: {"id":0,"type":"ping","data":null}
2024/04/28 10:04:40 Received ping message from server: {"id":0,"type":"ping","data":null}
2024/04/28 10:04:41 Received ping message from server: {"id":0,"type":"ping","data":null}
2024/04/28 10:04:41 Failed to communicate with server: error occurred at /workspace/tcp-transfor/client/trans_local_tcp/core/listen_server_cmd.go:28 
	EOF
2024/04/28 10:04:52 Connected to server
2024/04/28 10:04:52 Sent hello message to server
2024/04/28 10:04:52 Received message from server: {"code":200,"msg":"hello success"}
2024/04/28 10:04:52 success establish connection with server
2024/04/28 10:04:53 Received ping message from server: {"id":0,"type":"ping","data":null}
2024/04/28 10:04:53 Received new connection request from server
2024/04/28 10:04:53 Connected to server
2024/04/28 10:04:53 success new sub connection to server 0
2024/04/28 10:04:54 Received ping message from server: {"id":0,"type":"ping","data":null}
2024/04/28 10:04:55 Received ping message from server: {"id":0,"type":"ping","data":null}
2024/04/28 10:04:56 Received ping message from server: {"id":0,"type":"ping","data":null}
2024/04/28 10:04:57 Received ping message from server: {"id":0,"type":"ping","data":null}
2024/04/28 10:04:58 Received ping message from server: {"id":0,"type":"ping","data":null}
2024/04/28 10:04:59 Received ping message from server: {"id":0,"type":"ping","data":null}
2024/04/28 10:05:00 Received ping message from server: {"id":0,"type":"ping","data":null}
2024/04/28 10:05:00 Received new connection request from server
2024/04/28 10:05:00 Connected to server
2024/04/28 10:05:00 success new sub connection to server 1
2024/04/28 10:05:01 Received ping message from server: {"id":0,"type":"ping","data":null}
2024/04/28 10:05:02 Received ping message from server: {"id":0,"type":"ping","data":null}
2024/04/28 10:05:03 Received ping message from server: {"id":0,"type":"ping","data":null}
2024/04/28 10:05:04 Received ping message from server: {"id":0,"type":"ping","data":null}
2024/04/28 10:05:05 Received ping message from server: {"id":0,"type":"ping","data":null}
2024/04/28 10:05:06 Received ping message from server: {"id":0,"type":"ping","data":null}
2024/04/28 10:05:07 Received ping message from server: {"id":0,"type":"ping","data":null}
2024/04/28 10:05:08 Received ping message from server: {"id":0,"type":"ping","data":null}
2024/04/28 10:05:09 Received ping message from server: {"id":0,"type":"ping","data":null}
2024/04/28 10:05:10 Received ping message from server: {"id":0,"type":"ping","data":null}
2024/04/28 10:05:11 Received ping message from server: {"id":0,"type":"ping","data":null}
2024/04/28 10:05:12 Received ping message from server: {"id":0,"type":"ping","data":null}
2024/04/28 10:05:13 Received ping message from server: {"id":0,"type":"ping","data":null}
2024/04/28 10:05:14 Received ping message from server: {"id":0,"type":"ping","data":null}
2024/04/28 10:05:15 Received ping message from server: {"id":0,"type":"ping","data":null}
2024/04/28 10:05:16 Received ping message from server: {"id":0,"type":"ping","data":null}
2024/04/28 10:05:17 Received ping message from server: {"id":0,"type":"ping","data":null}
2024/04/28 10:05:18 Received ping message from server: {"id":0,"type":"ping","data":null}
2024/04/28 10:05:19 Received ping message from server: {"id":0,"type":"ping","data":null}
2024/04/28 10:05:20 Received ping message from server: {"id":0,"type":"ping","data":null}
2024/04/28 10:05:21 Received ping message from server: {"id":0,"type":"ping","data":null}
2024/04/28 10:05:22 Received ping message from server: {"id":0,"type":"ping","data":null}
2024/04/28 10:05:23 Received ping message from server: {"id":0,"type":"ping","data":null}
2024/04/28 10:05:24 Received ping message from server: {"id":0,"type":"ping","data":null}
2024/04/28 10:05:25 Received ping message from server: {"id":0,"type":"ping","data":null}
2024/04/28 10:05:26 Received ping message from server: {"id":0,"type":"ping","data":null}
2024/04/28 10:05:27 Received ping message from server: {"id":0,"type":"ping","data":null}
2024/04/28 10:05:28 Received ping message from server: {"id":0,"type":"ping","data":null}
2024/04/28 10:05:29 Received ping message from server: {"id":0,"type":"ping","data":null}
2024/04/28 10:05:30 Received ping message from server: {"id":0,"type":"ping","data":null}
2024/04/28 10:05:31 Received ping message from server: {"id":0,"type":"ping","data":null}
2024/04/28 10:05:32 Received ping message from server: {"id":0,"type":"ping","data":null}
2024/04/28 10:05:33 Received ping message from server: {"id":0,"type":"ping","data":null}
2024/04/28 10:05:34 Received ping message from server: {"id":0,"type":"ping","data":null}
2024/04/28 10:05:35 Received ping message from server: {"id":0,"type":"ping","data":null}
2024/04/28 10:05:36 Received ping message from server: {"id":0,"type":"ping","data":null}
2024/04/28 10:05:37 Received ping message from server: {"id":0,"type":"ping","data":null}
2024/04/28 10:05:38 Received ping message from server: {"id":0,"type":"ping","data":null}
2024/04/28 10:05:39 Received ping message from server: {"id":0,"type":"ping","data":null}
2024/04/28 10:05:40 Received ping message from server: {"id":0,"type":"ping","data":null}
2024/04/28 10:05:41 Received ping message from server: {"id":0,"type":"ping","data":null}
2024/04/28 10:05:42 Received ping message from server: {"id":0,"type":"ping","data":null}
2024/04/28 10:05:43 Received ping message from server: {"id":0,"type":"ping","data":null}
2024/04/28 10:05:44 Received ping message from server: {"id":0,"type":"ping","data":null}
2024/04/28 10:05:45 Received ping message from server: {"id":0,"type":"ping","data":null}
2024/04/28 10:05:46 Received ping message from server: {"id":0,"type":"ping","data":null}
2024/04/28 10:05:47 Received ping message from server: {"id":0,"type":"ping","data":null}
2024/04/28 10:05:48 Received ping message from server: {"id":0,"type":"ping","data":null}
2024/04/28 10:05:49 Received ping message from server: {"id":0,"type":"ping","data":null}
2024/04/28 10:05:50 Received ping message from server: {"id":0,"type":"ping","data":null}
2024/04/28 10:05:51 Received ping message from server: {"id":0,"type":"ping","data":null}
2024/04/28 10:05:52 Received ping message from server: {"id":0,"type":"ping","data":null}
2024/04/28 10:05:53 Received ping message from server: {"id":0,"type":"ping","data":null}
2024/04/28 10:05:54 Received ping message from server: {"id":0,"type":"ping","data":null}
2024/04/28 10:05:55 Received ping message from server: {"id":0,"type":"ping","data":null}
2024/04/28 10:05:56 Received ping message from server: {"id":0,"type":"ping","data":null}
2024/04/28 10:05:57 Received ping message from server: {"id":0,"type":"ping","data":null}
2024/04/28 10:05:58 Received ping message from server: {"id":0,"type":"ping","data":null}
2024/04/28 10:05:59 Received ping message from server: {"id":0,"type":"ping","data":null}
2024/04/28 10:06:00 Received ping message from server: {"id":0,"type":"ping","data":null}
2024/04/28 10:06:01 Received ping message from server: {"id":0,"type":"ping","data":null}
2024/04/28 10:06:02 Received ping message from server: {"id":0,"type":"ping","data":null}
2024/04/28 10:06:03 Received ping message from server: {"id":0,"type":"ping","data":null}
2024/04/28 10:06:04 Received ping message from server: {"id":0,"type":"ping","data":null}
2024/04/28 10:06:05 Received ping message from server: {"id":0,"type":"ping","data":null}
2024/04/28 10:06:06 Received ping message from server: {"id":0,"type":"ping","data":null}
2024/04/28 10:06:07 Received ping message from server: {"id":0,"type":"ping","data":null}
2024/04/28 10:06:08 Received ping message from server: {"id":0,"type":"ping","data":null}
2024/04/28 10:06:09 Received ping message from server: {"id":0,"type":"ping","data":null}
2024/04/28 10:06:10 Received ping message from server: {"id":0,"type":"ping","data":null}
2024/04/28 10:06:11 Received ping message from server: {"id":0,"type":"ping","data":null}
2024/04/28 10:06:12 Received ping message from server: {"id":0,"type":"ping","data":null}
2024/04/28 10:06:13 Received ping message from server: {"id":0,"type":"ping","data":null}
2024/04/28 10:06:14 Received ping message from server: {"id":0,"type":"ping","data":null}
2024/04/28 10:06:15 Received ping message from server: {"id":0,"type":"ping","data":null}
2024/04/28 10:06:16 Received ping message from server: {"id":0,"type":"ping","data":null}
2024/04/28 10:06:17 Received ping message from server: {"id":0,"type":"ping","data":null}
2024/04/28 10:06:18 Received ping message from server: {"id":0,"type":"ping","data":null}
2024/04/28 10:06:19 Received ping message from server: {"id":0,"type":"ping","data":null}
2024/04/28 10:06:20 Received ping message from server: {"id":0,"type":"ping","data":null}
2024/04/28 10:06:21 Received ping message from server: {"id":0,"type":"ping","data":null}
2024/04/28 10:06:22 Received ping message from server: {"id":0,"type":"ping","data":null}
2024/04/28 10:06:23 Received ping message from server: {"id":0,"type":"ping","data":null}
2024/04/28 10:06:24 Received ping message from server: {"id":0,"type":"ping","data":null}
2024/04/28 10:06:25 Received ping message from server: {"id":0,"type":"ping","data":null}
2024/04/28 10:06:25 Failed to communicate with server: error occurred at /workspace/tcp-transfor/client/trans_local_tcp/core/listen_server_cmd.go:28 
	EOF
