未知异常：unexpected end of JSON input
goroutine 6 [running]:
runtime/debug.Stack()
	/home/gitpod/go/src/runtime/debug/stack.go:24 +0x5e
github.com/Brandon-lz/tcp-transfor/utils.RecoverAndLog({0x0, 0x0, 0xc000007dc0?})
	/workspace/tcp-transfor/utils/recover.go:23 +0x2ec
panic({0x54b6a0?, 0xc00010e168?})
	/home/gitpod/go/src/runtime/panic.go:770 +0x132
github.com/Brandon-lz/tcp-transfor/utils.DeSerializeData[...]({0x5428c0, 0xc00010e150?}, 0xc000110100?)
	/workspace/tcp-transfor/utils/deserilize.go:27 +0x247
github.com/Brandon-lz/tcp-transfor/server/to_client.startCmdToClient({0x5aeb38, 0xc0000700a8})
	/workspace/tcp-transfor/server/to_client/conn.go:83 +0x105
created by github.com/Brandon-lz/tcp-transfor/server/to_client.ListenClientConn in goroutine 1
	/workspace/tcp-transfor/server/to_client/conn.go:32 +0x33f

未知异常：unexpected end of JSON input
goroutine 6 [running]:
runtime/debug.Stack()
	/home/gitpod/go/src/runtime/debug/stack.go:24 +0x5e
github.com/Brandon-lz/tcp-transfor/utils.RecoverAndLog({0x0, 0x0, 0xc000007dc0?})
	/workspace/tcp-transfor/utils/recover.go:23 +0x2ec
panic({0x54b6a0?, 0xc0000122e8?})
	/home/gitpod/go/src/runtime/panic.go:770 +0x132
github.com/Brandon-lz/tcp-transfor/utils.DeSerializeData[...]({0x5428c0, 0xc0000122d0?}, 0xc000098200?)
	/workspace/tcp-transfor/utils/deserilize.go:27 +0x247
github.com/Brandon-lz/tcp-transfor/server/to_client.startCmdToClient({0x5aebb8, 0xc0000700a8})
	/workspace/tcp-transfor/server/to_client/conn.go:85 +0x1e5
created by github.com/Brandon-lz/tcp-transfor/server/to_client.ListenClientConn in goroutine 1
	/workspace/tcp-transfor/server/to_client/conn.go:32 +0x33f

未知异常：unexpected end of JSON input
goroutine 6 [running]:
runtime/debug.Stack()
	/home/gitpod/go/src/runtime/debug/stack.go:24 +0x5e
github.com/Brandon-lz/tcp-transfor/utils.RecoverAndLog({0x0, 0x0, 0xc000007dc0?})
	/workspace/tcp-transfor/utils/recover.go:23 +0x2ec
panic({0x54b6a0?, 0xc0000122b8?})
	/home/gitpod/go/src/runtime/panic.go:770 +0x132
github.com/Brandon-lz/tcp-transfor/utils.DeSerializeData[...]({0x5443c0, 0x6f6b80?}, 0xc000098200?)
	/workspace/tcp-transfor/utils/deserilize.go:27 +0x247
github.com/Brandon-lz/tcp-transfor/server/to_client.startCmdToClient({0x5aebb8, 0xc0000700a8})
	/workspace/tcp-transfor/server/to_client/conn.go:85 +0x1dd
created by github.com/Brandon-lz/tcp-transfor/server/to_client.ListenClientConn in goroutine 1
	/workspace/tcp-transfor/server/to_client/conn.go:32 +0x33f

未知异常：unexpected end of JSON input
goroutine 6 [running]:
runtime/debug.Stack()
	/home/gitpod/go/src/runtime/debug/stack.go:24 +0x5e
github.com/Brandon-lz/tcp-transfor/utils.RecoverAndLog({0x0, 0x0, 0xc000007dc0?})
	/workspace/tcp-transfor/utils/recover.go:23 +0x2ec
panic({0x54b6a0?, 0xc000112150?})
	/home/gitpod/go/src/runtime/panic.go:770 +0x132
github.com/Brandon-lz/tcp-transfor/utils.DeSerializeData[...]({0x5443c0, 0x6f6b80?}, 0xc000120100?)
	/workspace/tcp-transfor/utils/deserilize.go:27 +0x330
github.com/Brandon-lz/tcp-transfor/server/to_client.startCmdToClient({0x5aebf8, 0xc0000700a8})
	/workspace/tcp-transfor/server/to_client/conn.go:85 +0x1dd
created by github.com/Brandon-lz/tcp-transfor/server/to_client.ListenClientConn in goroutine 1
	/workspace/tcp-transfor/server/to_client/conn.go:32 +0x33f

未知异常：unexpected end of JSON input
goroutine 18 [running]:
runtime/debug.Stack()
	/home/gitpod/go/src/runtime/debug/stack.go:24 +0x5e
github.com/Brandon-lz/tcp-transfor/utils.RecoverAndLog({0x0, 0x0, 0xc000007dc0?})
	/workspace/tcp-transfor/utils/recover.go:23 +0x2ec
panic({0x54b6a0?, 0xc000112180?})
	/home/gitpod/go/src/runtime/panic.go:770 +0x132
github.com/Brandon-lz/tcp-transfor/utils.DeSerializeData[...]({0x5443c0, 0x6f6b80?}, 0xc000120180?)
	/workspace/tcp-transfor/utils/deserilize.go:27 +0x330
github.com/Brandon-lz/tcp-transfor/server/to_client.startCmdToClient({0x5aebf8, 0xc00012a090})
	/workspace/tcp-transfor/server/to_client/conn.go:85 +0x1dd
created by github.com/Brandon-lz/tcp-transfor/server/to_client.ListenClientConn in goroutine 1
	/workspace/tcp-transfor/server/to_client/conn.go:32 +0x33f

未知异常：unexpected end of JSON input
goroutine 19 [running]:
runtime/debug.Stack()
	/home/gitpod/go/src/runtime/debug/stack.go:24 +0x5e
github.com/Brandon-lz/tcp-transfor/utils.RecoverAndLog({0x0, 0x0, 0xc000007dc0?})
	/workspace/tcp-transfor/utils/recover.go:23 +0x2ec
panic({0x54b6a0?, 0xc000012180?})
	/home/gitpod/go/src/runtime/panic.go:770 +0x132
github.com/Brandon-lz/tcp-transfor/utils.DeSerializeData[...]({0x5443c0, 0x6f6b80?}, 0xc000098140?)
	/workspace/tcp-transfor/utils/deserilize.go:27 +0x330
github.com/Brandon-lz/tcp-transfor/server/to_client.startCmdToClient({0x5aebf8, 0xc00012a0a0})
	/workspace/tcp-transfor/server/to_client/conn.go:85 +0x1dd
created by github.com/Brandon-lz/tcp-transfor/server/to_client.ListenClientConn in goroutine 1
	/workspace/tcp-transfor/server/to_client/conn.go:32 +0x33f

未知异常：unexpected end of JSON input
goroutine 7 [running]:
runtime/debug.Stack()
	/home/gitpod/go/src/runtime/debug/stack.go:24 +0x5e
github.com/Brandon-lz/tcp-transfor/utils.RecoverAndLog({0x0, 0x0, 0xc000007dc0?})
	/workspace/tcp-transfor/utils/recover.go:23 +0x2ec
panic({0x54b6a0?, 0xc0000121b0?})
	/home/gitpod/go/src/runtime/panic.go:770 +0x132
github.com/Brandon-lz/tcp-transfor/utils.DeSerializeData[...]({0x5443c0, 0x6f6b80?}, 0xc0000981c0?)
	/workspace/tcp-transfor/utils/deserilize.go:27 +0x330
github.com/Brandon-lz/tcp-transfor/server/to_client.startCmdToClient({0x5aebf8, 0xc0000700b8})
	/workspace/tcp-transfor/server/to_client/conn.go:85 +0x1dd
created by github.com/Brandon-lz/tcp-transfor/server/to_client.ListenClientConn in goroutine 1
	/workspace/tcp-transfor/server/to_client/conn.go:32 +0x33f

未知异常：unexpected end of JSON input
goroutine 8 [running]:
runtime/debug.Stack()
	/home/gitpod/go/src/runtime/debug/stack.go:24 +0x5e
github.com/Brandon-lz/tcp-transfor/utils.RecoverAndLog({0x0, 0x0, 0xc000007dc0?})
	/workspace/tcp-transfor/utils/recover.go:23 +0x2ec
panic({0x54b6a0?, 0xc0000121e0?})
	/home/gitpod/go/src/runtime/panic.go:770 +0x132
github.com/Brandon-lz/tcp-transfor/utils.DeSerializeData[...]({0x5443c0, 0x6f6b80?}, 0xc000098240?)
	/workspace/tcp-transfor/utils/deserilize.go:27 +0x330
github.com/Brandon-lz/tcp-transfor/server/to_client.startCmdToClient({0x5aebf8, 0xc0000700c8})
	/workspace/tcp-transfor/server/to_client/conn.go:85 +0x1dd
created by github.com/Brandon-lz/tcp-transfor/server/to_client.ListenClientConn in goroutine 1
	/workspace/tcp-transfor/server/to_client/conn.go:32 +0x33f

未知异常：unexpected end of JSON input
goroutine 19 [running]:
runtime/debug.Stack()
	/home/gitpod/go/src/runtime/debug/stack.go:24 +0x5e
github.com/Brandon-lz/tcp-transfor/utils.RecoverAndLog({0x0, 0x0, 0xc000186540?})
	/workspace/tcp-transfor/utils/recover.go:23 +0x2ec
panic({0x54b6a0?, 0xc00019a2b8?})
	/home/gitpod/go/src/runtime/panic.go:770 +0x132
github.com/Brandon-lz/tcp-transfor/utils.DeSerializeData[...]({0x5443c0, 0x6f6b80?}, 0xc0001be1c0?)
	/workspace/tcp-transfor/utils/deserilize.go:27 +0x330
github.com/Brandon-lz/tcp-transfor/server/to_client.startCmdToClient({0x5aed38, 0xc0001940b0})
	/workspace/tcp-transfor/server/to_client/conn.go:87 +0x31c
created by github.com/Brandon-lz/tcp-transfor/server/to_client.ListenClientConn in goroutine 1
	/workspace/tcp-transfor/server/to_client/conn.go:32 +0x3f6

未知异常：invalid character ':' after top-level value
goroutine 6 [running]:
runtime/debug.Stack()
	/home/gitpod/go/src/runtime/debug/stack.go:24 +0x5e
github.com/Brandon-lz/tcp-transfor/utils.RecoverAndLog({0x0, 0x0, 0xc000007dc0?})
	/workspace/tcp-transfor/utils/recover.go:23 +0x2ec
panic({0x54b6a0?, 0xc000012198?})
	/home/gitpod/go/src/runtime/panic.go:770 +0x132
github.com/Brandon-lz/tcp-transfor/utils.DeSerializeData[...]({0x5443c0, 0xc000016360?}, 0xc000098100?)
	/workspace/tcp-transfor/utils/deserilize.go:27 +0x330
github.com/Brandon-lz/tcp-transfor/server/to_client.startCmdToClient({0x5aed78, 0xc0000700b8})
	/workspace/tcp-transfor/server/to_client/conn.go:92 +0x33d
created by github.com/Brandon-lz/tcp-transfor/server/to_client.ListenClientConn in goroutine 1
	/workspace/tcp-transfor/server/to_client/conn.go:32 +0x3f6

未知异常：invalid character ':' after top-level value
goroutine 7 [running]:
runtime/debug.Stack()
	/home/gitpod/go/src/runtime/debug/stack.go:24 +0x5e
github.com/Brandon-lz/tcp-transfor/utils.RecoverAndLog({0x0, 0x0, 0xc000007dc0?})
	/workspace/tcp-transfor/utils/recover.go:23 +0x2ec
panic({0x54b6a0?, 0xc0000121c8?})
	/home/gitpod/go/src/runtime/panic.go:770 +0x132
github.com/Brandon-lz/tcp-transfor/utils.DeSerializeData[...]({0x5443c0, 0xc0000163c0?}, 0xc000098140?)
	/workspace/tcp-transfor/utils/deserilize.go:27 +0x330
github.com/Brandon-lz/tcp-transfor/server/to_client.startCmdToClient({0x5aed78, 0xc0000700c8})
	/workspace/tcp-transfor/server/to_client/conn.go:92 +0x33d
created by github.com/Brandon-lz/tcp-transfor/server/to_client.ListenClientConn in goroutine 1
	/workspace/tcp-transfor/server/to_client/conn.go:32 +0x3f6

未知异常：unexpected end of JSON input
goroutine 6 [running]:
runtime/debug.Stack()
	/home/gitpod/go/src/runtime/debug/stack.go:24 +0x5e
github.com/Brandon-lz/tcp-transfor/utils.RecoverAndLog({0x0, 0x0, 0xc000007dc0?})
	/workspace/tcp-transfor/utils/recover.go:23 +0x2ec
panic({0x54c780?, 0xc000012180?})
	/home/gitpod/go/src/runtime/panic.go:770 +0x132
github.com/Brandon-lz/tcp-transfor/utils.DeSerializeData[...]({0x545440, 0x6f7b80?}, 0xc000098100?)
	/workspace/tcp-transfor/utils/deserilize.go:27 +0x330
github.com/Brandon-lz/tcp-transfor/server/to_client.startCmdToClient(0xc000016350)
	/workspace/tcp-transfor/server/to_client/conn.go:99 +0x4ad
created by github.com/Brandon-lz/tcp-transfor/server/to_client.ListenClientConn in goroutine 1
	/workspace/tcp-transfor/server/to_client/conn.go:32 +0x413

未知异常：invalid character '{' after top-level value
goroutine 6 [running]:
runtime/debug.Stack()
	/home/gitpod/go/src/runtime/debug/stack.go:24 +0x5e
github.com/Brandon-lz/tcp-transfor/utils.RecoverAndLog({0x0, 0x0, 0xc000007dc0?})
	/workspace/tcp-transfor/utils/recover.go:23 +0x2ec
panic({0x54c780?, 0xc000012180?})
	/home/gitpod/go/src/runtime/panic.go:770 +0x132
github.com/Brandon-lz/tcp-transfor/utils.DeSerializeData[...]({0x545440, 0xc000016390?}, 0xc000098100?)
	/workspace/tcp-transfor/utils/deserilize.go:27 +0x330
github.com/Brandon-lz/tcp-transfor/server/to_client.startCmdToClient(0xc000016350)
	/workspace/tcp-transfor/server/to_client/conn.go:90 +0x3ad
created by github.com/Brandon-lz/tcp-transfor/server/to_client.ListenClientConn in goroutine 1
	/workspace/tcp-transfor/server/to_client/conn.go:32 +0x413

未知异常：invalid character '{' after top-level value
goroutine 6 [running]:
runtime/debug.Stack()
	/home/gitpod/go/src/runtime/debug/stack.go:24 +0x5e
github.com/Brandon-lz/tcp-transfor/utils.RecoverAndLog({0x0, 0x0, 0xc000007dc0?})
	/workspace/tcp-transfor/utils/recover.go:23 +0x2ec
panic({0x54c780?, 0xc000012198?})
	/home/gitpod/go/src/runtime/panic.go:770 +0x132
github.com/Brandon-lz/tcp-transfor/utils.DeSerializeData[...]({0x543940, 0xc000012180?}, 0xc000098100?)
	/workspace/tcp-transfor/utils/deserilize.go:27 +0x330
github.com/Brandon-lz/tcp-transfor/server/to_client.startCmdToClient(0xc000016350)
	/workspace/tcp-transfor/server/to_client/conn.go:90 +0x3ab
created by github.com/Brandon-lz/tcp-transfor/server/to_client.ListenClientConn in goroutine 1
	/workspace/tcp-transfor/server/to_client/conn.go:32 +0x413

未知异常：invalid character '{' after top-level value
goroutine 6 [running]:
runtime/debug.Stack()
	/home/gitpod/go/src/runtime/debug/stack.go:24 +0x5e
github.com/Brandon-lz/tcp-transfor/utils.RecoverAndLog({0x0, 0x0, 0xc000007dc0?})
	/workspace/tcp-transfor/utils/recover.go:23 +0x2ec
panic({0x54b780?, 0xc000012198?})
	/home/gitpod/go/src/runtime/panic.go:770 +0x132
github.com/Brandon-lz/tcp-transfor/utils.DeSerializeData[...]({0x542940, 0xc000012180?}, 0xc000098100?)
	/workspace/tcp-transfor/utils/deserilize.go:26 +0x247
github.com/Brandon-lz/tcp-transfor/server/to_client.startCmdToClient(0xc000016340)
	/workspace/tcp-transfor/server/to_client/conn.go:90 +0x3ab
created by github.com/Brandon-lz/tcp-transfor/server/to_client.ListenClientConn in goroutine 1
	/workspace/tcp-transfor/server/to_client/conn.go:32 +0x413

未知异常：assignment to entry in nil map
goroutine 19 [running]:
runtime/debug.Stack()
	/home/gitpod/go/src/runtime/debug/stack.go:24 +0x5e
github.com/Brandon-lz/tcp-transfor/utils.RecoverAndLog({0x0, 0x0, 0xc0001028c0?})
	/workspace/tcp-transfor/utils/recover.go:23 +0x2ec
panic({0x54dbe0?, 0x5ac7b8?})
	/home/gitpod/go/src/runtime/panic.go:770 +0x132
github.com/Brandon-lz/tcp-transfor/server/to_client.startCmdToClient(0xc0001182f0)
	/workspace/tcp-transfor/server/to_client/conn.go:107 +0x71b
created by github.com/Brandon-lz/tcp-transfor/server/to_client.ListenClientConn in goroutine 1
	/workspace/tcp-transfor/server/to_client/conn.go:32 +0x413

未知异常：assignment to entry in nil map
goroutine 6 [running]:
runtime/debug.Stack()
	/home/gitpod/go/src/runtime/debug/stack.go:24 +0x5e
github.com/Brandon-lz/tcp-transfor/utils.RecoverAndLog({0x0, 0x0, 0xc000007dc0?})
	/workspace/tcp-transfor/utils/recover.go:23 +0x2ec
panic({0x54dbe0?, 0x5ac7b8?})
	/home/gitpod/go/src/runtime/panic.go:770 +0x132
github.com/Brandon-lz/tcp-transfor/server/to_client.startCmdToClient(0xc000016340)
	/workspace/tcp-transfor/server/to_client/conn.go:108 +0x71b
created by github.com/Brandon-lz/tcp-transfor/server/to_client.ListenClientConn in goroutine 1
	/workspace/tcp-transfor/server/to_client/conn.go:32 +0x413

未知异常：assignment to entry in nil map
goroutine 19 [running]:
runtime/debug.Stack()
	/home/gitpod/go/src/runtime/debug/stack.go:24 +0x5e
github.com/Brandon-lz/tcp-transfor/utils.RecoverAndLog({0x0, 0x0, 0xc0001028c0?})
	/workspace/tcp-transfor/utils/recover.go:23 +0x2ec
panic({0x54daa0?, 0x5ac5a0?})
	/home/gitpod/go/src/runtime/panic.go:770 +0x132
github.com/Brandon-lz/tcp-transfor/server/to_client.startCmdToClient({0x5aedf8, 0xc00011a0b0})
	/workspace/tcp-transfor/server/to_client/conn.go:107 +0x728
created by github.com/Brandon-lz/tcp-transfor/server/to_client.ListenClientConn in goroutine 1
	/workspace/tcp-transfor/server/to_client/conn.go:32 +0x3f6

未知异常：assignment to entry in nil map
goroutine 6 [running]:
runtime/debug.Stack()
	/home/gitpod/go/src/runtime/debug/stack.go:24 +0x5e
github.com/Brandon-lz/tcp-transfor/utils.RecoverAndLog({0x0, 0x0, 0xc000007dc0?})
	/workspace/tcp-transfor/utils/recover.go:23 +0x2ec
panic({0x54daa0?, 0x5ac580?})
	/home/gitpod/go/src/runtime/panic.go:770 +0x132
github.com/Brandon-lz/tcp-transfor/server/to_client.startCmdToClient({0x5aedd8, 0xc0000700b8})
	/workspace/tcp-transfor/server/to_client/conn.go:106 +0x6a6
created by github.com/Brandon-lz/tcp-transfor/server/to_client.ListenClientConn in goroutine 1
	/workspace/tcp-transfor/server/to_client/conn.go:32 +0x3f6

未知异常：assignment to entry in nil map
goroutine 6 [running]:
runtime/debug.Stack()
	/home/gitpod/go/src/runtime/debug/stack.go:24 +0x5e
github.com/Brandon-lz/tcp-transfor/utils.RecoverAndLog({0x0, 0x0, 0xc000007dc0?})
	/workspace/tcp-transfor/utils/recover.go:23 +0x2ec
panic({0x54daa0?, 0x5ac5a8?})
	/home/gitpod/go/src/runtime/panic.go:770 +0x132
github.com/Brandon-lz/tcp-transfor/server/to_client.startCmdToClient({0x5aedf8, 0xc0000700b8})
	/workspace/tcp-transfor/server/to_client/conn.go:108 +0x6a6
created by github.com/Brandon-lz/tcp-transfor/server/to_client.ListenClientConn in goroutine 1
	/workspace/tcp-transfor/server/to_client/conn.go:32 +0x3f6

未知异常：assignment to entry in nil map
goroutine 6 [running]:
runtime/debug.Stack()
	/home/gitpod/go/src/runtime/debug/stack.go:24 +0x5e
github.com/Brandon-lz/tcp-transfor/utils.RecoverAndLog({0x0, 0x0, 0xc000007dc0?})
	/workspace/tcp-transfor/utils/recover.go:23 +0x2ec
panic({0x54eaa0?, 0x5ad5f0?})
	/home/gitpod/go/src/runtime/panic.go:770 +0x132
github.com/Brandon-lz/tcp-transfor/server/to_client.startCmdToClient({0x5afe38, 0xc0000700b8})
	/workspace/tcp-transfor/server/to_client/conn.go:111 +0x7b4
created by github.com/Brandon-lz/tcp-transfor/server/to_client.ListenClientConn in goroutine 1
	/workspace/tcp-transfor/server/to_client/conn.go:32 +0x3f6

未知异常：assignment to entry in nil map
goroutine 6 [running]:
runtime/debug.Stack()
	/home/gitpod/go/src/runtime/debug/stack.go:24 +0x5e
github.com/Brandon-lz/tcp-transfor/utils.RecoverAndLog({0x0, 0x0, 0xc000007dc0?})
	/workspace/tcp-transfor/utils/recover.go:23 +0x2ec
panic({0x54eaa0?, 0x5ad5f8?})
	/home/gitpod/go/src/runtime/panic.go:770 +0x132
github.com/Brandon-lz/tcp-transfor/server/to_client.startCmdToClient({0x5afe58, 0xc0000700b8})
	/workspace/tcp-transfor/server/to_client/conn.go:111 +0x7b4
created by github.com/Brandon-lz/tcp-transfor/server/to_client.ListenClientConn in goroutine 1
	/workspace/tcp-transfor/server/to_client/conn.go:32 +0x3f6

未知异常：assignment to entry in nil map
goroutine 6 [running]:
runtime/debug.Stack()
	/home/gitpod/go/src/runtime/debug/stack.go:24 +0x5e
github.com/Brandon-lz/tcp-transfor/utils.RecoverAndLog({0x0, 0x0, 0xc000007dc0?})
	/workspace/tcp-transfor/utils/recover.go:23 +0x2ec
panic({0x54daa0?, 0x5ac5d0?})
	/home/gitpod/go/src/runtime/panic.go:770 +0x132
github.com/Brandon-lz/tcp-transfor/server/to_client.startCmdToClient({0x5aee18, 0xc0000700b8})
	/workspace/tcp-transfor/server/to_client/conn.go:109 +0x6a6
created by github.com/Brandon-lz/tcp-transfor/server/to_client.ListenClientConn in goroutine 1
	/workspace/tcp-transfor/server/to_client/conn.go:32 +0x3f6

未知异常：assignment to entry in nil map
goroutine 6 [running]:
runtime/debug.Stack()
	/home/gitpod/go/src/runtime/debug/stack.go:24 +0x5e
github.com/Brandon-lz/tcp-transfor/utils.RecoverAndLog({0x0, 0x0, 0xc000007dc0?})
	/workspace/tcp-transfor/utils/recover.go:23 +0x2ec
panic({0x54eaa0?, 0x5ad610?})
	/home/gitpod/go/src/runtime/panic.go:770 +0x132
github.com/Brandon-lz/tcp-transfor/server/to_client.startCmdToClient({0x5afe58, 0xc0000700b8})
	/workspace/tcp-transfor/server/to_client/conn.go:109 +0x6a6
created by github.com/Brandon-lz/tcp-transfor/server/to_client.ListenClientConn in goroutine 1
	/workspace/tcp-transfor/server/to_client/conn.go:32 +0x3f6

未知异常：assignment to entry in nil map
goroutine 19 [running]:
runtime/debug.Stack()
	/home/gitpod/go/src/runtime/debug/stack.go:24 +0x5e
github.com/Brandon-lz/tcp-transfor/utils.RecoverAndLog({0x0, 0x0, 0xc0001028c0?})
	/workspace/tcp-transfor/utils/recover.go:23 +0x2ec
panic({0x54eaa0?, 0x5ad610?})
	/home/gitpod/go/src/runtime/panic.go:770 +0x132
github.com/Brandon-lz/tcp-transfor/server/to_client.startCmdToClient({0x5afe58, 0xc00011a0b0})
	/workspace/tcp-transfor/server/to_client/conn.go:109 +0x6a6
created by github.com/Brandon-lz/tcp-transfor/server/to_client.ListenClientConn in goroutine 1
	/workspace/tcp-transfor/server/to_client/conn.go:32 +0x3f6

未知异常：assignment to entry in nil map
goroutine 6 [running]:
runtime/debug.Stack()
	/home/gitpod/go/src/runtime/debug/stack.go:24 +0x5e
github.com/Brandon-lz/tcp-transfor/utils.RecoverAndLog({0x0, 0x0, 0xc000007dc0?})
	/workspace/tcp-transfor/utils/recover.go:23 +0x2ec
panic({0x54eaa0?, 0x5ad638?})
	/home/gitpod/go/src/runtime/panic.go:770 +0x132
github.com/Brandon-lz/tcp-transfor/server/to_client.startCmdToClient({0x5afe98, 0xc0000700b8})
	/workspace/tcp-transfor/server/to_client/conn.go:111 +0x734
created by github.com/Brandon-lz/tcp-transfor/server/to_client.ListenClientConn in goroutine 1
	/workspace/tcp-transfor/server/to_client/conn.go:32 +0x3f6

未知异常：assignment to entry in nil map
goroutine 19 [running]:
runtime/debug.Stack()
	/home/gitpod/go/src/runtime/debug/stack.go:24 +0x5e
github.com/Brandon-lz/tcp-transfor/utils.RecoverAndLog({0x0, 0x0, 0xc0001028c0?})
	/workspace/tcp-transfor/utils/recover.go:23 +0x2ec
panic({0x54eaa0?, 0x5ad638?})
	/home/gitpod/go/src/runtime/panic.go:770 +0x132
github.com/Brandon-lz/tcp-transfor/server/to_client.startCmdToClient({0x5afe98, 0xc00011a0b0})
	/workspace/tcp-transfor/server/to_client/conn.go:112 +0x739
created by github.com/Brandon-lz/tcp-transfor/server/to_client.ListenClientConn in goroutine 1
	/workspace/tcp-transfor/server/to_client/conn.go:32 +0x3f6

