2024/04/28 06:49:51 success load config from {"Port":8080}
2024/04/28 06:49:51 Server is listening on port:  8080
2024/04/28 06:49:53 New client conn from 127.0.0.1:47024
2024/04/28 06:49:53 New client conn from 127.0.0.1:47024
2024/04/28 06:49:53 wait for hello message from client
2024/04/28 06:49:53 receive hello message from client  {"type":"main","client":{"name":"ubuntu1"},"map":[{"local-port":9090,"server-port":9091}],"conn-id":0}
2024/04/28 06:49:53 listen on client map port
2024/04/28 06:49:53 New listener on ubuntu1:9091
2024/04/28 06:49:53 success listen on client ubuntu1 map port [{9090 9091}]
2024/04/28 06:49:53 wait for hello message from client
2024/04/28 06:49:58 new user conn 
2024/04/28 06:49:58 1111111111111 map[]
2024/04/28 06:49:58 22222222222222 map[0:{}]
2024/04/28 06:49:58 send new conn request to client {"id":0,"type":"new-conn-request","data":{"conn-id":0,"local-port":9090,"server-port":9091}}
2024/04/28 06:49:58 success get new conn to client id: 0
2024/04/28 06:49:58 New client conn from 127.0.0.1:51702
2024/04/28 06:49:58 New client conn from 127.0.0.1:51702
2024/04/28 06:49:58 wait for hello message from client
2024/04/28 06:49:58 receive hello message from client  {"type":"sub","client":{"name":"ubuntu1"},"map":null,"conn-id":0}
2024/04/28 06:49:58 wait for hello message from client
2024/04/28 06:49:58 receive hello message from client  HTTP/1.1 200 OK
Date: Sun, 28 Apr 2024 06:49:58 GMT
Content-Length: 14
Content-Type: text/plain; charset=utf-8

Hello, World!

2024/04/28 06:49:58 JSON反序列化失败: error occurred at /workspace/tcp-transfor/utils/deserilize.go:25 
	invalid character 'H' looking for beginning of value
HTTP/1.1 200 OK
Date: Sun, 28 Apr 2024 06:49:58 GMT
Content-Length: 14
Content-Type: text/plain; charset=utf-8

Hello, World!
2024/04/28 06:59:20 success load config from {"Port":8080}
2024/04/28 06:59:20 Server is listening on port:  8080
2024/04/28 06:59:22 New client conn from 127.0.0.1:44782
2024/04/28 06:59:22 New client conn from 127.0.0.1:44782
2024/04/28 06:59:22 wait for hello message from client
2024/04/28 06:59:22 receive hello message from client  {"type":"main","client":{"name":"ubuntu1"},"map":[{"local-port":9090,"server-port":9091}],"conn-id":0}
2024/04/28 06:59:22 listen on client map port
2024/04/28 06:59:22 New listener on ubuntu1:9091
2024/04/28 06:59:22 success listen on client ubuntu1 map port [{9090 9091}]
2024/04/28 06:59:28 new user conn 
2024/04/28 06:59:28 1111111111111 map[]
2024/04/28 06:59:28 22222222222222 map[0:{}]
2024/04/28 06:59:28 send new conn request to client {"id":0,"type":"new-conn-request","data":{"conn-id":0,"local-port":9090,"server-port":9091}}
2024/04/28 06:59:28 success get new conn to client id: 0
2024/04/28 06:59:28 New client conn from 127.0.0.1:37004
2024/04/28 06:59:28 New client conn from 127.0.0.1:37004
2024/04/28 06:59:28 wait for hello message from client
2024/04/28 06:59:28 receive hello message from client  {"type":"sub","client":{"name":"ubuntu1"},"map":null,"conn-id":0}
2024/04/28 06:59:37 new user conn 
2024/04/28 06:59:37 1111111111111 map[0:{}]
2024/04/28 06:59:37 22222222222222 map[0:{} 1:{}]
2024/04/28 06:59:37 send new conn request to client {"id":0,"type":"new-conn-request","data":{"conn-id":1,"local-port":9090,"server-port":9091}}
2024/04/28 06:59:37 success get new conn to client id: 1
2024/04/28 06:59:37 New client conn from 127.0.0.1:43884
2024/04/28 06:59:37 New client conn from 127.0.0.1:43884
2024/04/28 06:59:37 wait for hello message from client
2024/04/28 06:59:37 receive hello message from client  {"type":"sub","client":{"name":"ubuntu1"},"map":null,"conn-id":1}
2024/04/28 06:59:38 new user conn 
2024/04/28 06:59:38 1111111111111 map[0:{} 1:{}]
2024/04/28 06:59:38 22222222222222 map[0:{} 1:{} 2:{}]
2024/04/28 06:59:38 send new conn request to client {"id":0,"type":"new-conn-request","data":{"conn-id":2,"local-port":9090,"server-port":9091}}
2024/04/28 06:59:38 success get new conn to client id: 2
2024/04/28 06:59:38 New client conn from 127.0.0.1:43886
2024/04/28 06:59:38 New client conn from 127.0.0.1:43886
2024/04/28 06:59:38 wait for hello message from client
2024/04/28 06:59:38 receive hello message from client  {"type":"sub","client":{"name":"ubuntu1"},"map":null,"conn-id":2}
2024/04/28 06:59:39 new user conn 
2024/04/28 06:59:39 1111111111111 map[0:{} 1:{} 2:{}]
2024/04/28 06:59:39 22222222222222 map[0:{} 1:{} 2:{} 3:{}]
2024/04/28 06:59:39 send new conn request to client {"id":0,"type":"new-conn-request","data":{"conn-id":3,"local-port":9090,"server-port":9091}}
2024/04/28 06:59:39 success get new conn to client id: 3
2024/04/28 06:59:39 New client conn from 127.0.0.1:43896
2024/04/28 06:59:39 New client conn from 127.0.0.1:43896
2024/04/28 06:59:39 wait for hello message from client
2024/04/28 06:59:39 receive hello message from client  {"type":"sub","client":{"name":"ubuntu1"},"map":null,"conn-id":3}
